[+] Containers:
 |- [+] Container: /Game/FirstPerson/Maps/FirstPersonMap
 |   |- [+] ActorDescs:
 |   |   |- Guid:00761A3E470E19839BE31299623E0512 BaseClass: NativeClass:/Script/Engine.StaticMeshActor Name:StaticMeshActor_UAID_744CA1D0C396358101_2018127731 Label:Cube23 SpatiallyLoaded:1 Bounds:IsValid=true, Min=(X=6852.866 Y=2281.046 Z=19.799), Max=(X=11827.134 Y=6558.954 Z=1500.201) RuntimeGrid:None EditorOnly:0 RuntimeOnly:0 HLODRelevant:1
 |   |   |- Guid:022C561E4C7A6D46B523C19AFB14DD4F BaseClass: NativeClass:/Script/Engine.StaticMeshActor Name:StaticMeshActor_UAID_744CA1D0C396358101_2018123725 Label:Cube17 SpatiallyLoaded:1 Bounds:IsValid=true, Min=(X=-3376.681 Y=7462.374 Z=-1228.521), Max=(X=2076.681 Y=13397.626 Z=-271.479) RuntimeGrid:None EditorOnly:0 RuntimeOnly:0 HLODRelevant:1
 |   |   |- Guid:04BFAB3B4D182E9FDA07BFAC4231EF67 BaseClass: NativeClass:/Script/Engine.StaticMeshActor Name:StaticMeshActor_UAID_744CA1D0C396358101_2018138747 Label:Cube39 SpatiallyLoaded:1 Bounds:IsValid=true, Min=(X=10809.890 Y=-10980.929 Z=4990.168), Max=(X=18770.110 Y=-3359.071 Z=5649.832) RuntimeGrid:None EditorOnly:0 RuntimeOnly:0 HLODRelevant:1
 |   |   |- Guid:0500CE61425C0431BEB9B3A5E588FA61 BaseClass: NativeClass:/Script/Engine.StaticMeshActor Name:StaticMeshActor_UAID_744CA1D0C396358101_2018126730 Label:Cube22 SpatiallyLoaded:1 Bounds:IsValid=true, Min=(X=15789.301 Y=-1846.311 Z=-134.936), Max=(X=23370.699 Y=4926.311 Z=794.936) RuntimeGrid:None EditorOnly:0 RuntimeOnly:0 HLODRelevant:1
 |   |   |- Guid:054F68C34A048014E4A5B19E5A2E18B8 BaseClass: NativeClass:/Script/Engine.StaticMeshActor Name:StaticMeshActor_UAID_744CA1D0C396358101_2018140749 Label:Cube41 SpatiallyLoaded:1 Bounds:IsValid=true, Min=(X=10992.136 Y=-5268.754 Z=-4397.237), Max=(X=16227.864 Y=-1531.246 Z=6497.237) RuntimeGrid:None EditorOnly:0 RuntimeOnly:0 HLODRelevant:1
 |   |   |- Guid:05A537264820329C7349DB92D5394C84 BaseClass: NativeClass:/Script/Engine.StaticMeshActor Name:StaticMeshActor_UAID_744CA1D0C396358101_2018135742 Label:Cube34 SpatiallyLoaded:1 Bounds:IsValid=true, Min=(X=-4236.998 Y=386.695 Z=1465.000), Max=(X=-1323.002 Y=3913.305 Z=5915.000) RuntimeGrid:None EditorOnly:0 RuntimeOnly:0 HLODRelevant:1
 |   |   |- Guid:07A7DEF94A80FD5BE6C9928AECD7FF00 BaseClass: NativeClass:/Script/Engine.StaticMeshActor Name:StaticMeshActor_UAID_744CA1D0C396358101_2018138746 Label:Cube38 SpatiallyLoaded:1 Bounds:IsValid=true, Min=(X=7667.497 Y=-7115.186 Z=5828.834), Max=(X=11672.503 Y=-4784.814 Z=7351.166) RuntimeGrid:None EditorOnly:0 RuntimeOnly:0 HLODRelevant:1
 |   |   |- Guid:1579DDE14A3238D593D8648886CC4D5B BaseClass: NativeClass:/Script/Engine.StaticMeshActor Name:StaticMeshActor_UAID_744CA1D0C396358101_2018131736 Label:Cube28 SpatiallyLoaded:1 Bounds:IsValid=true, Min=(X=828.171 Y=-4141.713 Z=2020.000), Max=(X=1951.829 Y=-2958.287 Z=2820.000) RuntimeGrid:None EditorOnly:0 RuntimeOnly:0 HLODRelevant:1
 |   |   |- Guid:1B04A4F9416FA7C26EFBEBA0DCA09552 BaseClass: NativeClass:/Script/Engine.StaticMeshActor Name:StaticMeshActor_UAID_744CA1D0C396358101_2018130735 Label:Cube27 SpatiallyLoaded:1 Bounds:IsValid=true, Min=(X=1041.152 Y=-6250.911 Z=-1390.000), Max=(X=5238.848 Y=-1829.089 Z=1810.000) RuntimeGrid:None EditorOnly:0 RuntimeOnly:0 HLODRelevant:1
 |   |   |- Guid:1D2BC34F468FAD4605A9D9BAEEDFFD96 BaseClass: NativeClass:/Script/Engine.StaticMeshActor Name:StaticMeshActor_UAID_744CA1D0C396358101_2018147759 Label:Cube51 SpatiallyLoaded:1 Bounds:IsValid=true, Min=(X=-4561.519 Y=27770.730 Z=-6486.339), Max=(X=4561.519 Y=37109.270 Z=5646.339) RuntimeGrid:None EditorOnly:0 RuntimeOnly:0 HLODRelevant:1
 |   |   |- Guid:1FF68ECD44FEC50AC273C2A0B62CB2BF BaseClass: NativeClass:/Script/Engine.StaticMeshActor Name:StaticMeshActor_UAID_744CA1D0C396CC8101_1682882295 Label:Cube63 SpatiallyLoaded:1 Bounds:IsValid=true, Min=(X=848.559 Y=455.000 Z=3416.299), Max=(X=2991.441 Y=2545.000 Z=4043.701) RuntimeGrid:None EditorOnly:0 RuntimeOnly:0 HLODRelevant:1
 |   |   |- Guid:2560BC4345DC3A199747888E1E8F1E0F BaseClass: NativeClass:/Script/Engine.StaticMeshActor Name:StaticMeshActor_UAID_744CA1D0C396358101_2018124727 Label:Cube19 SpatiallyLoaded:1 Bounds:IsValid=true, Min=(X=-2652.969 Y=3813.018 Z=-1121.799), Max=(X=1352.969 Y=9746.982 Z=641.799) RuntimeGrid:None EditorOnly:0 RuntimeOnly:0 HLODRelevant:1
 |   |   |- Guid:2DAF87C14911D1F8D2C0E291726DB6E1 BaseClass: NativeClass:/Script/Engine.StaticMeshActor Name:StaticMeshActor_UAID_744CA1D0C396CC8101_1573132292 Label:Cube60 SpatiallyLoaded:1 Bounds:IsValid=true, Min=(X=21350.458 Y=-22060.952 Z=4008.884), Max=(X=32429.542 Y=-10639.048 Z=5631.116) RuntimeGrid:None EditorOnly:0 RuntimeOnly:0 HLODRelevant:1
 |   |   |- Guid:32ABCB0B45F7143DCD4F54AC7B098917 BaseClass: NativeClass:/Script/Engine.StaticMeshActor Name:StaticMeshActor_UAID_744CA1D0C396CC8101_1584811293 Label:Cube61 SpatiallyLoaded:1 Bounds:IsValid=true, Min=(X=13025.480 Y=-27050.545 Z=3383.897), Max=(X=29694.520 Y=-15469.455 Z=6256.103) RuntimeGrid:None EditorOnly:0 RuntimeOnly:0 HLODRelevant:1
 |   |   |- Guid:353FFDC5426BBEAEBB80C4AAE9A2E4D3 BaseClass: NativeClass:/Script/Engine.StaticMeshActor Name:StaticMeshActor_UAID_744CA1D0C396358101_2018146758 Label:Cube50 SpatiallyLoaded:1 Bounds:IsValid=true, Min=(X=-1567.154 Y=16480.593 Z=-3877.912), Max=(X=367.154 Y=26699.407 Z=5217.912) RuntimeGrid:None EditorOnly:0 RuntimeOnly:0 HLODRelevant:1
 |   |   |- Guid:36E2DC2D496C3E677D31A58E2C89727B BaseClass: NativeClass:/Script/Engine.StaticMeshActor Name:StaticMeshActor_UAID_744CA1D0C396CC8101_1459907287 Label:Cube57 SpatiallyLoaded:1 Bounds:IsValid=true, Min=(X=14096.803 Y=-19975.519 Z=3867.496), Max=(X=24063.197 Y=-11544.481 Z=5772.504) RuntimeGrid:None EditorOnly:0 RuntimeOnly:0 HLODRelevant:1
 |   |   |- Guid:3AE1152C4E1E6AA68D1EFF9924E0B898 BaseClass: NativeClass:/Script/Engine.StaticMeshActor Name:StaticMeshActor_UAID_744CA1D0C396CC8101_1703258296 Label:Cube64 SpatiallyLoaded:1 Bounds:IsValid=true, Min=(X=-1572.377 Y=294.974 Z=4179.359), Max=(X=832.377 Y=2705.026 Z=5020.641) RuntimeGrid:None EditorOnly:0 RuntimeOnly:0 HLODRelevant:1
 |   |   |- Guid:3F8AC03248664749C3B263AD9B7B3FBF BaseClass: NativeClass:/Script/NavigationSystem.RecastNavMesh Name:RecastNavMesh_UAID_744CA1D0C396378101-Default Label:RecastNavMesh-Default SpatiallyLoaded:0 Bounds:IsValid=true, Min=(X=0.000 Y=0.000 Z=0.000), Max=(X=0.000 Y=0.000 Z=0.000) RuntimeGrid:None EditorOnly:0 RuntimeOnly:0 HLODRelevant:0
 |   |   |- Guid:43F0BB0A4D86D452EF1ABDAB879C3588 BaseClass: NativeClass:/Script/Engine.StaticMeshActor Name:StaticMeshActor_UAID_744CA1D0C396358101_2018137745 Label:Cube37 SpatiallyLoaded:1 Bounds:IsValid=true, Min=(X=5877.959 Y=-4708.953 Z=5708.066), Max=(X=9847.067 Y=-2400.259 Z=7178.946) RuntimeGrid:None EditorOnly:0 RuntimeOnly:0 HLODRelevant:1
 |   |   |- Guid:490E96574F42DD2C3A08269897AF3A4B BaseClass: NativeClass:/Script/Engine.StaticMeshActor Name:StaticMeshActor_UAID_744CA1D0C396358101_2018145757 Label:Cube49 SpatiallyLoaded:1 Bounds:IsValid=true, Min=(X=-3404.550 Y=14013.978 Z=-4464.708), Max=(X=-3155.450 Y=27026.022 Z=6504.708) RuntimeGrid:None EditorOnly:0 RuntimeOnly:0 HLODRelevant:1
 |   |   |- Guid:4B63E5D245FC470E97EC4D83E7F5B55C BaseClass: NativeClass:/Script/Engine.StaticMeshActor Name:StaticMeshActor_UAID_744CA1D0C396358101_2018107711 Label:Cube3 SpatiallyLoaded:1 Bounds:IsValid=true, Min=(X=1694.020 Y=1173.462 Z=-120.000), Max=(X=5765.980 Y=5326.538 Z=380.000) RuntimeGrid:None EditorOnly:0 RuntimeOnly:0 HLODRelevant:1
 |   |   |- Guid:51609B134E296F9091F0E08D1A1F45C7 BaseClass: NativeClass:/Script/Engine.StaticMeshActor Name:StaticMeshActor_UAID_744CA1D0C396358101_2018114713 Label:Cube5 SpatiallyLoaded:1 Bounds:IsValid=true, Min=(X=-5262.368 Y=-1668.675 Z=-2395.000), Max=(X=-297.632 Y=3908.675 Z=3655.000) RuntimeGrid:None EditorOnly:0 RuntimeOnly:0 HLODRelevant:1
 |   |   |- Guid:525F8C9D4D2C1E7BC554DCB398FB9BBC BaseClass: NativeClass:/Script/Engine.StaticMeshActor Name:StaticMeshActor_UAID_744CA1D0C396358101_2018139748 Label:Cube40 SpatiallyLoaded:1 Bounds:IsValid=true, Min=(X=17825.398 Y=-10525.401 Z=2425.994), Max=(X=26214.602 Y=-2474.599 Z=4394.006) RuntimeGrid:None EditorOnly:0 RuntimeOnly:0 HLODRelevant:1
 |   |   |- Guid:5353E68A48EC04958D978A82150060C5 BaseClass: NativeClass:/Script/Engine.StaticMeshActor Name:StaticMeshActor_UAID_744CA1D0C396358101_2018120721 Label:Cube13 SpatiallyLoaded:1 Bounds:IsValid=true, Min=(X=4896.242 Y=-4847.595 Z=-2.500), Max=(X=9903.758 Y=147.595 Z=522.500) RuntimeGrid:None EditorOnly:0 RuntimeOnly:0 HLODRelevant:1
 |   |   |- Guid:58F9132A4962A96F584974B0702EEA21 BaseClass:/Game/SkySphere/BP_Sky_Sphere_2.BP_Sky_Sphere_2_C NativeClass:/Script/Engine.Actor Name:BP_Sky_Sphere_2_C_UAID_D8BBC121C404F97F01_1474818095 Label:BP_Sky_Sphere_2 SpatiallyLoaded:1 Bounds:IsValid=true, Min=(X=-1636950.000 Y=-1636060.000 Z=-1638330.000), Max=(X=1639850.000 Y=1640740.000 Z=1638470.000) RuntimeGrid:None EditorOnly:0 RuntimeOnly:0 HLODRelevant:0 FolderPath:Lighting FolderGuid:0BA5F0A04EADB18E70D5B180D08FA34B
 |   |   |- Guid:60B6C10746395ACF63081C920586F9D5 BaseClass: NativeClass:/Script/Engine.StaticMeshActor Name:StaticMeshActor_UAID_744CA1D0C396358101_2018129733 Label:Cube25 SpatiallyLoaded:1 Bounds:IsValid=true, Min=(X=-8925.807 Y=-8196.467 Z=-1402.054), Max=(X=-2394.193 Y=196.467 Z=2.054) RuntimeGrid:None EditorOnly:0 RuntimeOnly:0 HLODRelevant:1
 |   |   |- Guid:65679C4445B10775BCA8B9BBD9E1E964 BaseClass: NativeClass:/Script/Engine.StaticMeshActor Name:StaticMeshActor_UAID_744CA1D0C396358101_2018124726 Label:Cube18 SpatiallyLoaded:1 Bounds:IsValid=true, Min=(X=-6321.814 Y=2354.522 Z=-2004.986), Max=(X=-2518.186 Y=7945.478 Z=1104.986) RuntimeGrid:None EditorOnly:0 RuntimeOnly:0 HLODRelevant:1
 |   |   |- Guid:676147474D40E02850C0E5AC15CDD7C7 BaseClass: NativeClass:/Script/Engine.StaticMeshActor Name:StaticMeshActor_UAID_744CA1D0C396358101_2018126729 Label:Cube21 SpatiallyLoaded:1 Bounds:IsValid=true, Min=(X=12209.995 Y=4698.770 Z=-743.051), Max=(X=22850.005 Y=16081.230 Z=443.051) RuntimeGrid:None EditorOnly:0 RuntimeOnly:0 HLODRelevant:1
 |   |   |- Guid:67C9F00745FBE0E0888A0AA3BE58E176 BaseClass: NativeClass:/Script/Engine.StaticMeshActor Name:StaticMeshActor_UAID_744CA1D0C396CC8101_1563688291 Label:Cube59 SpatiallyLoaded:1 Bounds:IsValid=true, Min=(X=16511.406 Y=-18374.163 Z=4046.711), Max=(X=27148.594 Y=-8145.837 Z=5593.289) RuntimeGrid:None EditorOnly:0 RuntimeOnly:0 HLODRelevant:1
 |   |   |- Guid:6992FA9F44493DF96A3365A3D8A4AEE9 BaseClass: NativeClass:/Script/Engine.StaticMeshActor Name:StaticMeshActor_UAID_744CA1D0C396358101_2018128732 Label:Cube24 SpatiallyLoaded:1 Bounds:IsValid=true, Min=(X=9832.602 Y=3471.046 Z=-168.364), Max=(X=14867.398 Y=7748.954 Z=2088.364) RuntimeGrid:None EditorOnly:0 RuntimeOnly:0 HLODRelevant:1
 |   |   |- Guid:6BC761A44D18A894B5F01E9719EF15FC BaseClass: NativeClass:/Script/Engine.StaticMeshActor Name:StaticMeshActor_UAID_744CA1D0C396358101_2018119719 Label:Cube11 SpatiallyLoaded:1 Bounds:IsValid=true, Min=(X=7003.681 Y=-6539.166 Z=-557.500), Max=(X=14416.319 Y=559.166 Z=1017.500) RuntimeGrid:None EditorOnly:0 RuntimeOnly:0 HLODRelevant:1
 |   |   |- Guid:6FEFB3BD4EB37B849EF0D4AC80F83855 BaseClass: NativeClass:/Script/Engine.WorldDataLayers Name:WorldDataLayers Label:WorldDataLayers SpatiallyLoaded:0 Bounds:IsValid=true, Min=(X=0.000 Y=0.000 Z=0.000), Max=(X=0.000 Y=0.000 Z=0.000) RuntimeGrid:None EditorOnly:0 RuntimeOnly:0 HLODRelevant:0
 |   |   |- Guid:70E79DAD4FD0A153663144BA0C89371D BaseClass: NativeClass:/Script/Engine.StaticMeshActor Name:StaticMeshActor_UAID_744CA1D0C396358101_2018144755 Label:Cube47 SpatiallyLoaded:1 Bounds:IsValid=true, Min=(X=8051.990 Y=28320.278 Z=-4833.853), Max=(X=14808.010 Y=32979.722 Z=6873.853) RuntimeGrid:None EditorOnly:0 RuntimeOnly:0 HLODRelevant:1
 |   |   |- Guid:7944CEEB46B5B40FEDADA3B7176F4598 BaseClass: NativeClass:/Script/Engine.StaticMeshActor Name:StaticMeshActor_UAID_744CA1D0C396358101_2018112712 Label:Cube4 SpatiallyLoaded:1 Bounds:IsValid=true, Min=(X=-2439.982 Y=1499.902 Z=-50.000), Max=(X=2139.982 Y=6020.098 Z=450.000) RuntimeGrid:None EditorOnly:0 RuntimeOnly:0 HLODRelevant:1
 |   |   |- Guid:79F964F94AFD61929D60C8BB5EBBB867 BaseClass: NativeClass:/Script/Engine.StaticMeshActor Name:StaticMeshActor_UAID_744CA1D0C396358101_2018116715 Label:Cube7 SpatiallyLoaded:1 Bounds:IsValid=true, Min=(X=1250.018 Y=-5210.098 Z=-5255.000), Max=(X=5829.982 Y=-689.902 Z=6095.000) RuntimeGrid:None EditorOnly:0 RuntimeOnly:0 HLODRelevant:1
 |   |   |- Guid:7A6DB005469E543C0172229910E4ABF4 BaseClass: NativeClass:/Script/Engine.StaticMeshActor Name:StaticMeshActor_UAID_744CA1D0C396358101_2018121723 Label:Cube15 SpatiallyLoaded:1 Bounds:IsValid=true, Min=(X=-5996.099 Y=-19758.861 Z=-320.000), Max=(X=9756.099 Y=-4141.139 Z=80.000) RuntimeGrid:None EditorOnly:0 RuntimeOnly:0 HLODRelevant:1
 |   |   |- Guid:7BC2E19A4BD764B4936AE28D48D80B3A BaseClass: NativeClass:/Script/Engine.StaticMeshActor Name:StaticMeshActor_UAID_744CA1D0C396358101_2018117717 Label:Cube9 SpatiallyLoaded:1 Bounds:IsValid=true, Min=(X=6556.242 Y=-2497.595 Z=-65.000), Max=(X=11563.758 Y=2497.595 Z=585.000) RuntimeGrid:None EditorOnly:0 RuntimeOnly:0 HLODRelevant:1
 |   |   |- Guid:7F2AF5D74CFE959CA95156BC7B3F8A2A BaseClass: NativeClass:/Script/Engine.StaticMeshActor Name:StaticMeshActor_UAID_744CA1D0C396358101_2018129734 Label:Cube26 SpatiallyLoaded:1 Bounds:IsValid=true, Min=(X=-5941.227 Y=985.127 Z=-4.506), Max=(X=-4791.227 Y=2443.810 Z=587.552) RuntimeGrid:None EditorOnly:0 RuntimeOnly:0 HLODRelevant:1
 |   |   |- Guid:8064908C458B23157C632889DE33B311 BaseClass: NativeClass:/Script/Engine.StaticMeshActor Name:StaticMeshActor_UAID_744CA1D0C396358101_2018142752 Label:Cube44 SpatiallyLoaded:1 Bounds:IsValid=true, Min=(X=14777.864 Y=19306.604 Z=-5481.424), Max=(X=19602.136 Y=22513.396 Z=7521.424) RuntimeGrid:None EditorOnly:0 RuntimeOnly:0 HLODRelevant:1
 |   |   |- Guid:81580A674E42066AC0A4C981F9ED78A9 BaseClass: NativeClass:/Script/Engine.StaticMeshActor Name:StaticMeshActor_UAID_744CA1D0C396358101_2018118718 Label:Cube10 SpatiallyLoaded:1 Bounds:IsValid=true, Min=(X=8206.242 Y=-2497.595 Z=-390.000), Max=(X=13213.758 Y=2497.595 Z=910.000) RuntimeGrid:None EditorOnly:0 RuntimeOnly:0 HLODRelevant:1
 |   |   |- Guid:87CC0B4A419780E9EFC72A81AD9BA992 BaseClass: NativeClass:/Script/Engine.StaticMeshActor Name:StaticMeshActor_UAID_744CA1D0C396CC8101_2054562301 Label:Cube69 SpatiallyLoaded:1 Bounds:IsValid=true, Min=(X=-2157.444 Y=-6752.851 Z=-552.500), Max=(X=2657.444 Y=-2147.149 Z=372.500) RuntimeGrid:None EditorOnly:0 RuntimeOnly:0 HLODRelevant:1
 |   |   |- Guid:8A16903B4868FA053CCF74A0BF4FD068 BaseClass: NativeClass:/Script/Engine.StaticMeshActor Name:StaticMeshActor_UAID_744CA1D0C396358101_2018140750 Label:Cube42 SpatiallyLoaded:1 Bounds:IsValid=true, Min=(X=10805.021 Y=-2688.700 Z=-418.924), Max=(X=15914.979 Y=3608.700 Z=958.924) RuntimeGrid:None EditorOnly:0 RuntimeOnly:0 HLODRelevant:1
 |   |   |- Guid:9023DB384215B84ABD36459F896E146C BaseClass: NativeClass:/Script/Engine.StaticMeshActor Name:StaticMeshActor_UAID_744CA1D0C396CC8101_1664916294 Label:Cube62 SpatiallyLoaded:1 Bounds:IsValid=true, Min=(X=2722.621 Y=-2583.439 Z=3594.535), Max=(X=5337.379 Y=1043.439 Z=4225.465) RuntimeGrid:None EditorOnly:0 RuntimeOnly:0 HLODRelevant:1
 |   |   |- Guid:913D07D34A9E5622D74F3BA4222D1D97 BaseClass: NativeClass:/Script/Engine.StaticMeshActor Name:StaticMeshActor_UAID_744CA1D0C396358101_2018135743 Label:Cube35 SpatiallyLoaded:1 Bounds:IsValid=true, Min=(X=4076.248 Y=-6068.171 Z=646.154), Max=(X=5423.752 Y=-4431.829 Z=1793.846) RuntimeGrid:None EditorOnly:0 RuntimeOnly:0 HLODRelevant:1
 |   |   |- Guid:915E06A64A1B4607F2ECBB90A812FDC3 BaseClass: NativeClass:/Script/Engine.StaticMeshActor Name:StaticMeshActor_UAID_744CA1D0C396358101_2018133740 Label:Cube32 SpatiallyLoaded:1 Bounds:IsValid=true, Min=(X=1757.720 Y=-1796.489 Z=3503.605), Max=(X=3302.280 Y=-143.511 Z=3936.395) RuntimeGrid:None EditorOnly:0 RuntimeOnly:0 HLODRelevant:1
 |   |   |- Guid:922863F944CA7E3F016E78B567CDA06E BaseClass: NativeClass:/Script/Engine.StaticMeshActor Name:StaticMeshActor_UAID_744CA1D0C396358101_2018143753 Label:Cube45 SpatiallyLoaded:1 Bounds:IsValid=true, Min=(X=17049.229 Y=13980.399 Z=-1337.640), Max=(X=27990.771 Y=23399.601 Z=-342.360) RuntimeGrid:None EditorOnly:0 RuntimeOnly:0 HLODRelevant:1
 |   |   |- Guid:928918B2471A18610EFF9A90B15CA795 BaseClass: NativeClass:/Script/Engine.StaticMeshActor Name:StaticMeshActor_UAID_744CA1D0C396CC8101_1838837300 Label:Cube68 SpatiallyLoaded:1 Bounds:IsValid=true, Min=(X=13100.148 Y=14463.239 Z=-1206.195), Max=(X=16299.852 Y=17956.761 Z=-393.805) RuntimeGrid:None EditorOnly:0 RuntimeOnly:0 HLODRelevant:1
 |   |   |- Guid:94BD19C344949E24697F65A44B43E1BF BaseClass: NativeClass:/Script/Engine.StaticMeshActor Name:StaticMeshActor_UAID_744CA1D0C396358101_2018132738 Label:Cube30 SpatiallyLoaded:1 Bounds:IsValid=true, Min=(X=667.942 Y=-3394.820 Z=2295.000), Max=(X=1392.058 Y=-2805.180 Z=2545.000) RuntimeGrid:None EditorOnly:0 RuntimeOnly:0 HLODRelevant:1
 |   |   |- Guid:957146BD49594A4D1B7566AE30C3E53B BaseClass: NativeClass:/Script/Engine.StaticMeshActor Name:StaticMeshActor_UAID_744CA1D0C396368101_1447618941 Label:Cube55 SpatiallyLoaded:1 Bounds:IsValid=true, Min=(X=8607.011 Y=6158.068 Z=-751.671), Max=(X=12812.989 Y=10901.932 Z=-308.329) RuntimeGrid:None EditorOnly:0 RuntimeOnly:0 HLODRelevant:1
 |   |   |- Guid:96A4B19042DA181C522F9F9B95CA3AD3 BaseClass: NativeClass:/Script/Engine.StaticMeshActor Name:StaticMeshActor_UAID_744CA1D0C396358101_2018116716 Label:Cube8 SpatiallyLoaded:1 Bounds:IsValid=true, Min=(X=-4526.024 Y=-4417.184 Z=-757.320), Max=(X=3326.024 Y=1317.184 Z=937.320) RuntimeGrid:None EditorOnly:0 RuntimeOnly:0 HLODRelevant:1
 |   |   |- Guid:979E40614B8F0FEEE2F7C18CFDD72DE4 BaseClass: NativeClass:/Script/Engine.StaticMeshActor Name:StaticMeshActor_UAID_744CA1D0C396358101_2018147760 Label:Cube52 SpatiallyLoaded:1 Bounds:IsValid=true, Min=(X=4729.923 Y=30517.263 Z=-3168.269), Max=(X=10890.077 Y=34062.737 Z=5208.269) RuntimeGrid:None EditorOnly:0 RuntimeOnly:0 HLODRelevant:1
 |   |   |- Guid:99D269354921A15FE3688E9FC91C6064 BaseClass:/Game/Blueprint/Bp_respawntrigger.Bp_respawntrigger_C NativeClass:/Script/Engine.Actor Name:Bp_respawntrigger_C_UAID_744CA1D0C396368101_1124687939 Label:Bp_respawntrigger SpatiallyLoaded:1 Bounds:IsValid=true, Min=(X=-318180.000 Y=-307650.000 Z=-12358.000), Max=(X=321820.000 Y=332350.000 Z=-9142.000) RuntimeGrid:None EditorOnly:0 RuntimeOnly:0 HLODRelevant:0
 |   |   |- Guid:A354B1B24E617A525DC6B48CCDE2417E BaseClass: NativeClass:/Script/Engine.PlayerStart Name:PlayerStart_0 Label:PlayerStart SpatiallyLoaded:0 Bounds:IsValid=true, Min=(X=-2020.000 Y=-16360.000 Z=90.013), Max=(X=-1940.000 Y=-16280.000 Z=274.013) RuntimeGrid:None EditorOnly:0 RuntimeOnly:0 HLODRelevant:0
 |   |   |- Guid:A4FEFCC14B005BA96B4CC298E4179329 BaseClass: NativeClass:/Script/Engine.StaticMeshActor Name:StaticMeshActor_UAID_744CA1D0C396358101_2018148761 Label:Cube53 SpatiallyLoaded:1 Bounds:IsValid=true, Min=(X=1343.033 Y=26798.969 Z=-2114.644), Max=(X=7496.967 Y=32781.031 Z=-785.356) RuntimeGrid:None EditorOnly:0 RuntimeOnly:0 HLODRelevant:1
 |   |   |- Guid:A63FE3C64467BC2A36CF05AFF076A23F BaseClass: NativeClass:/Script/Engine.StaticMeshActor Name:StaticMeshActor_UAID_744CA1D0C396CC8101_1726922297 Label:Cube65 SpatiallyLoaded:1 Bounds:IsValid=true, Min=(X=-3667.509 Y=-185.220 Z=5134.508), Max=(X=-1229.072 Y=2285.531 Z=5885.492) RuntimeGrid:None EditorOnly:0 RuntimeOnly:0 HLODRelevant:1
 |   |   |- Guid:A8941E964D50A18A659E1AABA5AD8CDB BaseClass: NativeClass:/Script/Engine.StaticMeshActor Name:StaticMeshActor_UAID_744CA1D0C396358101_2018115714 Label:Cube6 SpatiallyLoaded:1 Bounds:IsValid=true, Min=(X=-2667.444 Y=-6342.851 Z=-472.500), Max=(X=2147.444 Y=-1737.149 Z=452.500) RuntimeGrid:None EditorOnly:0 RuntimeOnly:0 HLODRelevant:1
 |   |   |- Guid:AA2A3874400679E467EDB1A9E13C10EE BaseClass: NativeClass:/Script/Engine.StaticMeshActor Name:StaticMeshActor_UAID_744CA1D0C396358101_2018136744 Label:Cube36 SpatiallyLoaded:1 Bounds:IsValid=true, Min=(X=-1983.347 Y=-2563.155 Z=5601.669), Max=(X=2603.347 Y=-36.845 Z=5918.331) RuntimeGrid:None EditorOnly:0 RuntimeOnly:0 HLODRelevant:1
 |   |   |- Guid:BE62B0D24294C7787D14F6BDE9899B5F BaseClass: NativeClass:/Script/Engine.StaticMeshActor Name:StaticMeshActor_UAID_744CA1D0C396358101_2018125728 Label:Cube20 SpatiallyLoaded:1 Bounds:IsValid=true, Min=(X=1324.252 Y=5189.707 Z=-975.885), Max=(X=8595.748 Y=11870.293 Z=-84.115) RuntimeGrid:None EditorOnly:0 RuntimeOnly:0 HLODRelevant:1
 |   |   |- Guid:BFCEC7A54B73340CD1A045B744B91388 BaseClass: NativeClass:/Script/Engine.StaticMeshActor Name:StaticMeshActor_UAID_744CA1D0C396358101_2018134741 Label:Cube33 SpatiallyLoaded:1 Bounds:IsValid=true, Min=(X=-2174.215 Y=-2297.048 Z=3006.299), Max=(X=-65.785 Y=-302.952 Z=3633.701) RuntimeGrid:None EditorOnly:0 RuntimeOnly:0 HLODRelevant:1
 |   |   |- Guid:BFE8101E465A708D3E571FA6CCB78954 BaseClass: NativeClass:/Script/Engine.StaticMeshActor Name:StaticMeshActor_UAID_744CA1D0C396CC8101_1794011299 Label:Cube67 SpatiallyLoaded:1 Bounds:IsValid=true, Min=(X=-3384.295 Y=24800.062 Z=-4354.343), Max=(X=1864.295 Y=30239.938 Z=-2445.657) RuntimeGrid:None EditorOnly:0 RuntimeOnly:0 HLODRelevant:1
 |   |   |- Guid:C22CE07C4B87D685137FDBBC10FC92C6 BaseClass: NativeClass:/Script/Engine.SkyAtmosphere Name:SkyAtmosphere_0 Label:SkyAtmosphere SpatiallyLoaded:0 Bounds:IsValid=true, Min=(X=0.000 Y=0.000 Z=1020.000), Max=(X=0.000 Y=0.000 Z=1020.000) RuntimeGrid:None EditorOnly:0 RuntimeOnly:0 HLODRelevant:0 FolderPath:Lighting FolderGuid:0BA5F0A04EADB18E70D5B180D08FA34B
 |   |   |- Guid:C31C79A143EE6AD1DF88A889F24C6F90 BaseClass: NativeClass:/Script/Engine.StaticMeshActor Name:StaticMeshActor_UAID_744CA1D0C396CC8101_1545209290 Label:Cube58 SpatiallyLoaded:1 Bounds:IsValid=true, Min=(X=15874.409 Y=-17436.763 Z=3404.854), Max=(X=24545.591 Y=-7843.237 Z=5855.146) RuntimeGrid:None EditorOnly:0 RuntimeOnly:0 HLODRelevant:1
 |   |   |- Guid:C3A168EF4B0F7E8F85D9EB844B161A7C BaseClass: NativeClass:/Script/Engine.StaticMeshActor Name:StaticMeshActor_UAID_744CA1D0C396368101_1719714942 Label:Cube56 SpatiallyLoaded:1 Bounds:IsValid=true, Min=(X=-1869.953 Y=-1228.330 Z=-945.112), Max=(X=2529.953 Y=2408.330 Z=785.112) RuntimeGrid:None EditorOnly:0 RuntimeOnly:0 HLODRelevant:1
 |   |   |- Guid:C42B88964C274A1B24F056B80816E6AF BaseClass: NativeClass:/Script/Engine.StaticMeshActor Name:StaticMeshActor_UAID_744CA1D0C396CC8101_1754963298 Label:Cube66 SpatiallyLoaded:1 Bounds:IsValid=true, Min=(X=2624.020 Y=-2276.538 Z=-50.000), Max=(X=6695.980 Y=1876.538 Z=450.000) RuntimeGrid:None EditorOnly:0 RuntimeOnly:0 HLODRelevant:1
 |   |   |- Guid:CE8D82634660FCDB3120E2B8D547C533 BaseClass: NativeClass:/Script/Engine.PostProcessVolume Name:PostProcessVolume_0 Label:PostProcessVolume SpatiallyLoaded:0 Bounds:IsValid=true, Min=(X=0.000 Y=0.000 Z=400.000), Max=(X=200.000 Y=200.000 Z=600.000) RuntimeGrid:None EditorOnly:0 RuntimeOnly:0 HLODRelevant:0 FolderPath:Lighting FolderGuid:0BA5F0A04EADB18E70D5B180D08FA34B
 |   |   |- Guid:D663693B49CBDA820542A18921459ABD BaseClass: NativeClass:/Script/Engine.StaticMeshActor Name:StaticMeshActor_UAID_744CA1D0C396358101_2018143754 Label:Cube46 SpatiallyLoaded:1 Bounds:IsValid=true, Min=(X=14626.817 Y=19916.160 Z=-1539.113), Max=(X=22273.183 Y=27743.840 Z=-20.887) RuntimeGrid:None EditorOnly:0 RuntimeOnly:0 HLODRelevant:1
 |   |   |- Guid:D6DBB22947FE75F1E58B1C95B1C0744D BaseClass: NativeClass:/Script/Engine.StaticMeshActor Name:StaticMeshActor_UAID_744CA1D0C396358101_2018141751 Label:Cube43 SpatiallyLoaded:1 Bounds:IsValid=true, Min=(X=5023.426 Y=13039.348 Z=-6364.018), Max=(X=12716.574 Y=17980.652 Z=8404.018) RuntimeGrid:None EditorOnly:0 RuntimeOnly:0 HLODRelevant:1
 |   |   |- Guid:D872D2C344170A1ACABED886C3EBB11E BaseClass: NativeClass:/Script/Engine.StaticMeshActor Name:StaticMeshActor_UAID_744CA1D0C396358101_2018131737 Label:Cube29 SpatiallyLoaded:1 Bounds:IsValid=true, Min=(X=210.868 Y=-4886.086 Z=1849.643), Max=(X=1629.132 Y=-2793.914 Z=2450.357) RuntimeGrid:None EditorOnly:0 RuntimeOnly:0 HLODRelevant:1
 |   |   |- Guid:E0D0AA394D89A926C0E8EE979AF91D20 BaseClass: NativeClass:/Script/Engine.StaticMeshActor Name:StaticMeshActor_UAID_744CA1D0C396358101_2018133739 Label:Cube31 SpatiallyLoaded:1 Bounds:IsValid=true, Min=(X=1275.355 Y=-2837.370 Z=2139.603), Max=(X=2724.645 Y=-562.630 Z=3840.397) RuntimeGrid:None EditorOnly:0 RuntimeOnly:0 HLODRelevant:1
 |   |   |- Guid:E1BF8D3E408388DA101608A483056763 BaseClass: NativeClass:/Script/Engine.StaticMeshActor Name:StaticMeshActor_UAID_744CA1D0C396358101_2018121722 Label:Cube14 SpatiallyLoaded:1 Bounds:IsValid=true, Min=(X=-711.590 Y=-9304.065 Z=-30.000), Max=(X=7791.590 Y=-3355.935 Z=170.000) RuntimeGrid:None EditorOnly:0 RuntimeOnly:0 HLODRelevant:1
 |   |   |- Guid:E5320C1B4FD9764CE7B54D8487AEC613 BaseClass: NativeClass:/Script/Engine.SkyLight Name:SkyLight_0 Label:SkyLight SpatiallyLoaded:0 Bounds:IsValid=true, Min=(X=0.000 Y=0.000 Z=690.000), Max=(X=0.000 Y=0.000 Z=690.000) RuntimeGrid:None EditorOnly:0 RuntimeOnly:0 HLODRelevant:0 FolderPath:Lighting FolderGuid:0BA5F0A04EADB18E70D5B180D08FA34B
 |   |   |- Guid:E96BA91E441BB6F178B9FFA822ECF834 BaseClass: NativeClass:/Script/Engine.StaticMeshActor Name:StaticMeshActor_UAID_744CA1D0C396358101_2018145756 Label:Cube48 SpatiallyLoaded:1 Bounds:IsValid=true, Min=(X=5651.727 Y=19131.338 Z=-1406.113), Max=(X=17508.273 Y=30208.662 Z=-193.887) RuntimeGrid:None EditorOnly:0 RuntimeOnly:0 HLODRelevant:1
 |   |   |- Guid:F0AC5A5F42202B4E65A3F785EE05DD4B BaseClass: NativeClass:/Script/Engine.StaticMeshActor Name:StaticMeshActor_UAID_744CA1D0C396358101_2018122724 Label:Cube16 SpatiallyLoaded:1 Bounds:IsValid=true, Min=(X=-2652.969 Y=3813.018 Z=-1121.799), Max=(X=1352.969 Y=9746.982 Z=641.799) RuntimeGrid:None EditorOnly:0 RuntimeOnly:0 HLODRelevant:1
 |   |   |- Guid:F578584B49BC94322254738774E16A01 BaseClass: NativeClass:/Script/Engine.StaticMeshActor Name:StaticMeshActor_UAID_744CA1D0C396368101_1429367940 Label:Cube54 SpatiallyLoaded:1 Bounds:IsValid=true, Min=(X=1008.965 Y=2999.288 Z=-340.000), Max=(X=6451.035 Y=6940.712 Z=360.000) RuntimeGrid:None EditorOnly:0 RuntimeOnly:0 HLODRelevant:1
 |   |   |- Guid:F751CC1F4009D1466194FDB5480D344A BaseClass:/Game/Blueprint/Bp_spawnpoint.Bp_spawnpoint_C NativeClass:/Script/Engine.Actor Name:Bp_spawnpoint_C_UAID_744CA1D0C396368101_1106046938 Label:Bp_spawnpoint SpatiallyLoaded:1 Bounds:IsValid=true, Min=(X=-2037.923 Y=-16377.923 Z=80.000), Max=(X=-1922.077 Y=-16262.077 Z=80.000) RuntimeGrid:None EditorOnly:0 RuntimeOnly:0 HLODRelevant:0
 |   |   |- Guid:F80621C9446867154938FE81375207DA BaseClass: NativeClass:/Script/Engine.DirectionalLight Name:DirectionalLight_1 Label:DirectionalLight SpatiallyLoaded:0 Bounds:IsValid=true, Min=(X=-1048576.000 Y=-1048576.000 Z=-1048576.000), Max=(X=1048576.000 Y=1048576.000 Z=1048576.000) RuntimeGrid:None EditorOnly:0 RuntimeOnly:0 HLODRelevant:0 FolderPath:Lighting FolderGuid:0BA5F0A04EADB18E70D5B180D08FA34B
 |   |   |- Guid:F9AD877A4D0450B6D0037C9E7BFF9A9C BaseClass: NativeClass:/Script/Engine.StaticMeshActor Name:StaticMeshActor_UAID_744CA1D0C396358101_2018119720 Label:Cube12 SpatiallyLoaded:1 Bounds:IsValid=true, Min=(X=5025.128 Y=-8203.185 Z=-527.500), Max=(X=11994.872 Y=-1436.815 Z=1047.500) RuntimeGrid:None EditorOnly:0 RuntimeOnly:0 HLODRelevant:1
 |   |- [+] Clusters:
 |   |   |- [+] [  0]
 |   |   |   |- Guid:1D2BC34F468FAD4605A9D9BAEEDFFD96 BaseClass: NativeClass:/Script/Engine.StaticMeshActor Name:StaticMeshActor_UAID_744CA1D0C396358101_2018147759 Label:Cube51 SpatiallyLoaded:1 Bounds:IsValid=true, Min=(X=-4561.519 Y=27770.730 Z=-6486.339), Max=(X=4561.519 Y=37109.270 Z=5646.339) RuntimeGrid:None EditorOnly:0 RuntimeOnly:0 HLODRelevant:1
 |   |   |- [+] [  1]
 |   |   |   |- Guid:F578584B49BC94322254738774E16A01 BaseClass: NativeClass:/Script/Engine.StaticMeshActor Name:StaticMeshActor_UAID_744CA1D0C396368101_1429367940 Label:Cube54 SpatiallyLoaded:1 Bounds:IsValid=true, Min=(X=1008.965 Y=2999.288 Z=-340.000), Max=(X=6451.035 Y=6940.712 Z=360.000) RuntimeGrid:None EditorOnly:0 RuntimeOnly:0 HLODRelevant:1
 |   |   |- [+] [  2]
 |   |   |   |- Guid:E1BF8D3E408388DA101608A483056763 BaseClass: NativeClass:/Script/Engine.StaticMeshActor Name:StaticMeshActor_UAID_744CA1D0C396358101_2018121722 Label:Cube14 SpatiallyLoaded:1 Bounds:IsValid=true, Min=(X=-711.590 Y=-9304.065 Z=-30.000), Max=(X=7791.590 Y=-3355.935 Z=170.000) RuntimeGrid:None EditorOnly:0 RuntimeOnly:0 HLODRelevant:1
 |   |   |- [+] [  3]
 |   |   |   |- Guid:51609B134E296F9091F0E08D1A1F45C7 BaseClass: NativeClass:/Script/Engine.StaticMeshActor Name:StaticMeshActor_UAID_744CA1D0C396358101_2018114713 Label:Cube5 SpatiallyLoaded:1 Bounds:IsValid=true, Min=(X=-5262.368 Y=-1668.675 Z=-2395.000), Max=(X=-297.632 Y=3908.675 Z=3655.000) RuntimeGrid:None EditorOnly:0 RuntimeOnly:0 HLODRelevant:1
 |   |   |- [+] [  4]
 |   |   |   |- Guid:7944CEEB46B5B40FEDADA3B7176F4598 BaseClass: NativeClass:/Script/Engine.StaticMeshActor Name:StaticMeshActor_UAID_744CA1D0C396358101_2018112712 Label:Cube4 SpatiallyLoaded:1 Bounds:IsValid=true, Min=(X=-2439.982 Y=1499.902 Z=-50.000), Max=(X=2139.982 Y=6020.098 Z=450.000) RuntimeGrid:None EditorOnly:0 RuntimeOnly:0 HLODRelevant:1
 |   |   |- [+] [  5]
 |   |   |   |- Guid:F80621C9446867154938FE81375207DA BaseClass: NativeClass:/Script/Engine.DirectionalLight Name:DirectionalLight_1 Label:DirectionalLight SpatiallyLoaded:0 Bounds:IsValid=true, Min=(X=-1048576.000 Y=-1048576.000 Z=-1048576.000), Max=(X=1048576.000 Y=1048576.000 Z=1048576.000) RuntimeGrid:None EditorOnly:0 RuntimeOnly:0 HLODRelevant:0 FolderPath:Lighting FolderGuid:0BA5F0A04EADB18E70D5B180D08FA34B
 |   |   |- [+] [  6]
 |   |   |   |- Guid:1579DDE14A3238D593D8648886CC4D5B BaseClass: NativeClass:/Script/Engine.StaticMeshActor Name:StaticMeshActor_UAID_744CA1D0C396358101_2018131736 Label:Cube28 SpatiallyLoaded:1 Bounds:IsValid=true, Min=(X=828.171 Y=-4141.713 Z=2020.000), Max=(X=1951.829 Y=-2958.287 Z=2820.000) RuntimeGrid:None EditorOnly:0 RuntimeOnly:0 HLODRelevant:1
 |   |   |- [+] [  7]
 |   |   |   |- Guid:94BD19C344949E24697F65A44B43E1BF BaseClass: NativeClass:/Script/Engine.StaticMeshActor Name:StaticMeshActor_UAID_744CA1D0C396358101_2018132738 Label:Cube30 SpatiallyLoaded:1 Bounds:IsValid=true, Min=(X=667.942 Y=-3394.820 Z=2295.000), Max=(X=1392.058 Y=-2805.180 Z=2545.000) RuntimeGrid:None EditorOnly:0 RuntimeOnly:0 HLODRelevant:1
 |   |   |- [+] [  8]
 |   |   |   |- Guid:A4FEFCC14B005BA96B4CC298E4179329 BaseClass: NativeClass:/Script/Engine.StaticMeshActor Name:StaticMeshActor_UAID_744CA1D0C396358101_2018148761 Label:Cube53 SpatiallyLoaded:1 Bounds:IsValid=true, Min=(X=1343.033 Y=26798.969 Z=-2114.644), Max=(X=7496.967 Y=32781.031 Z=-785.356) RuntimeGrid:None EditorOnly:0 RuntimeOnly:0 HLODRelevant:1
 |   |   |- [+] [  9]
 |   |   |   |- Guid:F0AC5A5F42202B4E65A3F785EE05DD4B BaseClass: NativeClass:/Script/Engine.StaticMeshActor Name:StaticMeshActor_UAID_744CA1D0C396358101_2018122724 Label:Cube16 SpatiallyLoaded:1 Bounds:IsValid=true, Min=(X=-2652.969 Y=3813.018 Z=-1121.799), Max=(X=1352.969 Y=9746.982 Z=641.799) RuntimeGrid:None EditorOnly:0 RuntimeOnly:0 HLODRelevant:1
 |   |   |- [+] [ 10]
 |   |   |   |- Guid:00761A3E470E19839BE31299623E0512 BaseClass: NativeClass:/Script/Engine.StaticMeshActor Name:StaticMeshActor_UAID_744CA1D0C396358101_2018127731 Label:Cube23 SpatiallyLoaded:1 Bounds:IsValid=true, Min=(X=6852.866 Y=2281.046 Z=19.799), Max=(X=11827.134 Y=6558.954 Z=1500.201) RuntimeGrid:None EditorOnly:0 RuntimeOnly:0 HLODRelevant:1
 |   |   |- [+] [ 11]
 |   |   |   |- Guid:1B04A4F9416FA7C26EFBEBA0DCA09552 BaseClass: NativeClass:/Script/Engine.StaticMeshActor Name:StaticMeshActor_UAID_744CA1D0C396358101_2018130735 Label:Cube27 SpatiallyLoaded:1 Bounds:IsValid=true, Min=(X=1041.152 Y=-6250.911 Z=-1390.000), Max=(X=5238.848 Y=-1829.089 Z=1810.000) RuntimeGrid:None EditorOnly:0 RuntimeOnly:0 HLODRelevant:1
 |   |   |- [+] [ 12]
 |   |   |   |- Guid:957146BD49594A4D1B7566AE30C3E53B BaseClass: NativeClass:/Script/Engine.StaticMeshActor Name:StaticMeshActor_UAID_744CA1D0C396368101_1447618941 Label:Cube55 SpatiallyLoaded:1 Bounds:IsValid=true, Min=(X=8607.011 Y=6158.068 Z=-751.671), Max=(X=12812.989 Y=10901.932 Z=-308.329) RuntimeGrid:None EditorOnly:0 RuntimeOnly:0 HLODRelevant:1
 |   |   |- [+] [ 13]
 |   |   |   |- Guid:5353E68A48EC04958D978A82150060C5 BaseClass: NativeClass:/Script/Engine.StaticMeshActor Name:StaticMeshActor_UAID_744CA1D0C396358101_2018120721 Label:Cube13 SpatiallyLoaded:1 Bounds:IsValid=true, Min=(X=4896.242 Y=-4847.595 Z=-2.500), Max=(X=9903.758 Y=147.595 Z=522.500) RuntimeGrid:None EditorOnly:0 RuntimeOnly:0 HLODRelevant:1
 |   |   |- [+] [ 14]
 |   |   |   |- Guid:022C561E4C7A6D46B523C19AFB14DD4F BaseClass: NativeClass:/Script/Engine.StaticMeshActor Name:StaticMeshActor_UAID_744CA1D0C396358101_2018123725 Label:Cube17 SpatiallyLoaded:1 Bounds:IsValid=true, Min=(X=-3376.681 Y=7462.374 Z=-1228.521), Max=(X=2076.681 Y=13397.626 Z=-271.479) RuntimeGrid:None EditorOnly:0 RuntimeOnly:0 HLODRelevant:1
 |   |   |- [+] [ 15]
 |   |   |   |- Guid:BFCEC7A54B73340CD1A045B744B91388 BaseClass: NativeClass:/Script/Engine.StaticMeshActor Name:StaticMeshActor_UAID_744CA1D0C396358101_2018134741 Label:Cube33 SpatiallyLoaded:1 Bounds:IsValid=true, Min=(X=-2174.215 Y=-2297.048 Z=3006.299), Max=(X=-65.785 Y=-302.952 Z=3633.701) RuntimeGrid:None EditorOnly:0 RuntimeOnly:0 HLODRelevant:1
 |   |   |- [+] [ 16]
 |   |   |   |- Guid:7BC2E19A4BD764B4936AE28D48D80B3A BaseClass: NativeClass:/Script/Engine.StaticMeshActor Name:StaticMeshActor_UAID_744CA1D0C396358101_2018117717 Label:Cube9 SpatiallyLoaded:1 Bounds:IsValid=true, Min=(X=6556.242 Y=-2497.595 Z=-65.000), Max=(X=11563.758 Y=2497.595 Z=585.000) RuntimeGrid:None EditorOnly:0 RuntimeOnly:0 HLODRelevant:1
 |   |   |- [+] [ 17]
 |   |   |   |- Guid:0500CE61425C0431BEB9B3A5E588FA61 BaseClass: NativeClass:/Script/Engine.StaticMeshActor Name:StaticMeshActor_UAID_744CA1D0C396358101_2018126730 Label:Cube22 SpatiallyLoaded:1 Bounds:IsValid=true, Min=(X=15789.301 Y=-1846.311 Z=-134.936), Max=(X=23370.699 Y=4926.311 Z=794.936) RuntimeGrid:None EditorOnly:0 RuntimeOnly:0 HLODRelevant:1
 |   |   |- [+] [ 18]
 |   |   |   |- Guid:353FFDC5426BBEAEBB80C4AAE9A2E4D3 BaseClass: NativeClass:/Script/Engine.StaticMeshActor Name:StaticMeshActor_UAID_744CA1D0C396358101_2018146758 Label:Cube50 SpatiallyLoaded:1 Bounds:IsValid=true, Min=(X=-1567.154 Y=16480.593 Z=-3877.912), Max=(X=367.154 Y=26699.407 Z=5217.912) RuntimeGrid:None EditorOnly:0 RuntimeOnly:0 HLODRelevant:1
 |   |   |- [+] [ 19]
 |   |   |   |- Guid:F9AD877A4D0450B6D0037C9E7BFF9A9C BaseClass: NativeClass:/Script/Engine.StaticMeshActor Name:StaticMeshActor_UAID_744CA1D0C396358101_2018119720 Label:Cube12 SpatiallyLoaded:1 Bounds:IsValid=true, Min=(X=5025.128 Y=-8203.185 Z=-527.500), Max=(X=11994.872 Y=-1436.815 Z=1047.500) RuntimeGrid:None EditorOnly:0 RuntimeOnly:0 HLODRelevant:1
 |   |   |- [+] [ 20]
 |   |   |   |- Guid:43F0BB0A4D86D452EF1ABDAB879C3588 BaseClass: NativeClass:/Script/Engine.StaticMeshActor Name:StaticMeshActor_UAID_744CA1D0C396358101_2018137745 Label:Cube37 SpatiallyLoaded:1 Bounds:IsValid=true, Min=(X=5877.959 Y=-4708.953 Z=5708.066), Max=(X=9847.067 Y=-2400.259 Z=7178.946) RuntimeGrid:None EditorOnly:0 RuntimeOnly:0 HLODRelevant:1
 |   |   |- [+] [ 21]
 |   |   |   |- Guid:A8941E964D50A18A659E1AABA5AD8CDB BaseClass: NativeClass:/Script/Engine.StaticMeshActor Name:StaticMeshActor_UAID_744CA1D0C396358101_2018115714 Label:Cube6 SpatiallyLoaded:1 Bounds:IsValid=true, Min=(X=-2667.444 Y=-6342.851 Z=-472.500), Max=(X=2147.444 Y=-1737.149 Z=452.500) RuntimeGrid:None EditorOnly:0 RuntimeOnly:0 HLODRelevant:1
 |   |   |- [+] [ 22]
 |   |   |   |- Guid:E5320C1B4FD9764CE7B54D8487AEC613 BaseClass: NativeClass:/Script/Engine.SkyLight Name:SkyLight_0 Label:SkyLight SpatiallyLoaded:0 Bounds:IsValid=true, Min=(X=0.000 Y=0.000 Z=690.000), Max=(X=0.000 Y=0.000 Z=690.000) RuntimeGrid:None EditorOnly:0 RuntimeOnly:0 HLODRelevant:0 FolderPath:Lighting FolderGuid:0BA5F0A04EADB18E70D5B180D08FA34B
 |   |   |- [+] [ 23]
 |   |   |   |- Guid:BE62B0D24294C7787D14F6BDE9899B5F BaseClass: NativeClass:/Script/Engine.StaticMeshActor Name:StaticMeshActor_UAID_744CA1D0C396358101_2018125728 Label:Cube20 SpatiallyLoaded:1 Bounds:IsValid=true, Min=(X=1324.252 Y=5189.707 Z=-975.885), Max=(X=8595.748 Y=11870.293 Z=-84.115) RuntimeGrid:None EditorOnly:0 RuntimeOnly:0 HLODRelevant:1
 |   |   |- [+] [ 24]
 |   |   |   |- Guid:6992FA9F44493DF96A3365A3D8A4AEE9 BaseClass: NativeClass:/Script/Engine.StaticMeshActor Name:StaticMeshActor_UAID_744CA1D0C396358101_2018128732 Label:Cube24 SpatiallyLoaded:1 Bounds:IsValid=true, Min=(X=9832.602 Y=3471.046 Z=-168.364), Max=(X=14867.398 Y=7748.954 Z=2088.364) RuntimeGrid:None EditorOnly:0 RuntimeOnly:0 HLODRelevant:1
 |   |   |- [+] [ 25]
 |   |   |   |- Guid:8064908C458B23157C632889DE33B311 BaseClass: NativeClass:/Script/Engine.StaticMeshActor Name:StaticMeshActor_UAID_744CA1D0C396358101_2018142752 Label:Cube44 SpatiallyLoaded:1 Bounds:IsValid=true, Min=(X=14777.864 Y=19306.604 Z=-5481.424), Max=(X=19602.136 Y=22513.396 Z=7521.424) RuntimeGrid:None EditorOnly:0 RuntimeOnly:0 HLODRelevant:1
 |   |   |- [+] [ 26]
 |   |   |   |- Guid:65679C4445B10775BCA8B9BBD9E1E964 BaseClass: NativeClass:/Script/Engine.StaticMeshActor Name:StaticMeshActor_UAID_744CA1D0C396358101_2018124726 Label:Cube18 SpatiallyLoaded:1 Bounds:IsValid=true, Min=(X=-6321.814 Y=2354.522 Z=-2004.986), Max=(X=-2518.186 Y=7945.478 Z=1104.986) RuntimeGrid:None EditorOnly:0 RuntimeOnly:0 HLODRelevant:1
 |   |   |- [+] [ 27]
 |   |   |   |- Guid:525F8C9D4D2C1E7BC554DCB398FB9BBC BaseClass: NativeClass:/Script/Engine.StaticMeshActor Name:StaticMeshActor_UAID_744CA1D0C396358101_2018139748 Label:Cube40 SpatiallyLoaded:1 Bounds:IsValid=true, Min=(X=17825.398 Y=-10525.401 Z=2425.994), Max=(X=26214.602 Y=-2474.599 Z=4394.006) RuntimeGrid:None EditorOnly:0 RuntimeOnly:0 HLODRelevant:1
 |   |   |- [+] [ 28]
 |   |   |   |- Guid:676147474D40E02850C0E5AC15CDD7C7 BaseClass: NativeClass:/Script/Engine.StaticMeshActor Name:StaticMeshActor_UAID_744CA1D0C396358101_2018126729 Label:Cube21 SpatiallyLoaded:1 Bounds:IsValid=true, Min=(X=12209.995 Y=4698.770 Z=-743.051), Max=(X=22850.005 Y=16081.230 Z=443.051) RuntimeGrid:None EditorOnly:0 RuntimeOnly:0 HLODRelevant:1
 |   |   |- [+] [ 29]
 |   |   |   |- Guid:07A7DEF94A80FD5BE6C9928AECD7FF00 BaseClass: NativeClass:/Script/Engine.StaticMeshActor Name:StaticMeshActor_UAID_744CA1D0C396358101_2018138746 Label:Cube38 SpatiallyLoaded:1 Bounds:IsValid=true, Min=(X=7667.497 Y=-7115.186 Z=5828.834), Max=(X=11672.503 Y=-4784.814 Z=7351.166) RuntimeGrid:None EditorOnly:0 RuntimeOnly:0 HLODRelevant:1
 |   |   |- [+] [ 30]
 |   |   |   |- Guid:4B63E5D245FC470E97EC4D83E7F5B55C BaseClass: NativeClass:/Script/Engine.StaticMeshActor Name:StaticMeshActor_UAID_744CA1D0C396358101_2018107711 Label:Cube3 SpatiallyLoaded:1 Bounds:IsValid=true, Min=(X=1694.020 Y=1173.462 Z=-120.000), Max=(X=5765.980 Y=5326.538 Z=380.000) RuntimeGrid:None EditorOnly:0 RuntimeOnly:0 HLODRelevant:1
 |   |   |- [+] [ 31]
 |   |   |   |- Guid:7A6DB005469E543C0172229910E4ABF4 BaseClass: NativeClass:/Script/Engine.StaticMeshActor Name:StaticMeshActor_UAID_744CA1D0C396358101_2018121723 Label:Cube15 SpatiallyLoaded:1 Bounds:IsValid=true, Min=(X=-5996.099 Y=-19758.861 Z=-320.000), Max=(X=9756.099 Y=-4141.139 Z=80.000) RuntimeGrid:None EditorOnly:0 RuntimeOnly:0 HLODRelevant:1
 |   |   |- [+] [ 32]
 |   |   |   |- Guid:05A537264820329C7349DB92D5394C84 BaseClass: NativeClass:/Script/Engine.StaticMeshActor Name:StaticMeshActor_UAID_744CA1D0C396358101_2018135742 Label:Cube34 SpatiallyLoaded:1 Bounds:IsValid=true, Min=(X=-4236.998 Y=386.695 Z=1465.000), Max=(X=-1323.002 Y=3913.305 Z=5915.000) RuntimeGrid:None EditorOnly:0 RuntimeOnly:0 HLODRelevant:1
 |   |   |- [+] [ 33]
 |   |   |   |- Guid:979E40614B8F0FEEE2F7C18CFDD72DE4 BaseClass: NativeClass:/Script/Engine.StaticMeshActor Name:StaticMeshActor_UAID_744CA1D0C396358101_2018147760 Label:Cube52 SpatiallyLoaded:1 Bounds:IsValid=true, Min=(X=4729.923 Y=30517.263 Z=-3168.269), Max=(X=10890.077 Y=34062.737 Z=5208.269) RuntimeGrid:None EditorOnly:0 RuntimeOnly:0 HLODRelevant:1
 |   |   |- [+] [ 34]
 |   |   |   |- Guid:AA2A3874400679E467EDB1A9E13C10EE BaseClass: NativeClass:/Script/Engine.StaticMeshActor Name:StaticMeshActor_UAID_744CA1D0C396358101_2018136744 Label:Cube36 SpatiallyLoaded:1 Bounds:IsValid=true, Min=(X=-1983.347 Y=-2563.155 Z=5601.669), Max=(X=2603.347 Y=-36.845 Z=5918.331) RuntimeGrid:None EditorOnly:0 RuntimeOnly:0 HLODRelevant:1
 |   |   |- [+] [ 35]
 |   |   |   |- Guid:A354B1B24E617A525DC6B48CCDE2417E BaseClass: NativeClass:/Script/Engine.PlayerStart Name:PlayerStart_0 Label:PlayerStart SpatiallyLoaded:0 Bounds:IsValid=true, Min=(X=-2020.000 Y=-16360.000 Z=90.013), Max=(X=-1940.000 Y=-16280.000 Z=274.013) RuntimeGrid:None EditorOnly:0 RuntimeOnly:0 HLODRelevant:0
 |   |   |- [+] [ 36]
 |   |   |   |- Guid:04BFAB3B4D182E9FDA07BFAC4231EF67 BaseClass: NativeClass:/Script/Engine.StaticMeshActor Name:StaticMeshActor_UAID_744CA1D0C396358101_2018138747 Label:Cube39 SpatiallyLoaded:1 Bounds:IsValid=true, Min=(X=10809.890 Y=-10980.929 Z=4990.168), Max=(X=18770.110 Y=-3359.071 Z=5649.832) RuntimeGrid:None EditorOnly:0 RuntimeOnly:0 HLODRelevant:1
 |   |   |- [+] [ 37]
 |   |   |   |- Guid:D6DBB22947FE75F1E58B1C95B1C0744D BaseClass: NativeClass:/Script/Engine.StaticMeshActor Name:StaticMeshActor_UAID_744CA1D0C396358101_2018141751 Label:Cube43 SpatiallyLoaded:1 Bounds:IsValid=true, Min=(X=5023.426 Y=13039.348 Z=-6364.018), Max=(X=12716.574 Y=17980.652 Z=8404.018) RuntimeGrid:None EditorOnly:0 RuntimeOnly:0 HLODRelevant:1
 |   |   |- [+] [ 38]
 |   |   |   |- Guid:D872D2C344170A1ACABED886C3EBB11E BaseClass: NativeClass:/Script/Engine.StaticMeshActor Name:StaticMeshActor_UAID_744CA1D0C396358101_2018131737 Label:Cube29 SpatiallyLoaded:1 Bounds:IsValid=true, Min=(X=210.868 Y=-4886.086 Z=1849.643), Max=(X=1629.132 Y=-2793.914 Z=2450.357) RuntimeGrid:None EditorOnly:0 RuntimeOnly:0 HLODRelevant:1
 |   |   |- [+] [ 39]
 |   |   |   |- Guid:3F8AC03248664749C3B263AD9B7B3FBF BaseClass: NativeClass:/Script/NavigationSystem.RecastNavMesh Name:RecastNavMesh_UAID_744CA1D0C396378101-Default Label:RecastNavMesh-Default SpatiallyLoaded:0 Bounds:IsValid=true, Min=(X=0.000 Y=0.000 Z=0.000), Max=(X=0.000 Y=0.000 Z=0.000) RuntimeGrid:None EditorOnly:0 RuntimeOnly:0 HLODRelevant:0
 |   |   |- [+] [ 40]
 |   |   |   |- Guid:E0D0AA394D89A926C0E8EE979AF91D20 BaseClass: NativeClass:/Script/Engine.StaticMeshActor Name:StaticMeshActor_UAID_744CA1D0C396358101_2018133739 Label:Cube31 SpatiallyLoaded:1 Bounds:IsValid=true, Min=(X=1275.355 Y=-2837.370 Z=2139.603), Max=(X=2724.645 Y=-562.630 Z=3840.397) RuntimeGrid:None EditorOnly:0 RuntimeOnly:0 HLODRelevant:1
 |   |   |- [+] [ 41]
 |   |   |   |- Guid:7F2AF5D74CFE959CA95156BC7B3F8A2A BaseClass: NativeClass:/Script/Engine.StaticMeshActor Name:StaticMeshActor_UAID_744CA1D0C396358101_2018129734 Label:Cube26 SpatiallyLoaded:1 Bounds:IsValid=true, Min=(X=-5941.227 Y=985.127 Z=-4.506), Max=(X=-4791.227 Y=2443.810 Z=587.552) RuntimeGrid:None EditorOnly:0 RuntimeOnly:0 HLODRelevant:1
 |   |   |- [+] [ 42]
 |   |   |   |- Guid:79F964F94AFD61929D60C8BB5EBBB867 BaseClass: NativeClass:/Script/Engine.StaticMeshActor Name:StaticMeshActor_UAID_744CA1D0C396358101_2018116715 Label:Cube7 SpatiallyLoaded:1 Bounds:IsValid=true, Min=(X=1250.018 Y=-5210.098 Z=-5255.000), Max=(X=5829.982 Y=-689.902 Z=6095.000) RuntimeGrid:None EditorOnly:0 RuntimeOnly:0 HLODRelevant:1
 |   |   |- [+] [ 43]
 |   |   |   |- Guid:60B6C10746395ACF63081C920586F9D5 BaseClass: NativeClass:/Script/Engine.StaticMeshActor Name:StaticMeshActor_UAID_744CA1D0C396358101_2018129733 Label:Cube25 SpatiallyLoaded:1 Bounds:IsValid=true, Min=(X=-8925.807 Y=-8196.467 Z=-1402.054), Max=(X=-2394.193 Y=196.467 Z=2.054) RuntimeGrid:None EditorOnly:0 RuntimeOnly:0 HLODRelevant:1
 |   |   |- [+] [ 44]
 |   |   |   |- Guid:922863F944CA7E3F016E78B567CDA06E BaseClass: NativeClass:/Script/Engine.StaticMeshActor Name:StaticMeshActor_UAID_744CA1D0C396358101_2018143753 Label:Cube45 SpatiallyLoaded:1 Bounds:IsValid=true, Min=(X=17049.229 Y=13980.399 Z=-1337.640), Max=(X=27990.771 Y=23399.601 Z=-342.360) RuntimeGrid:None EditorOnly:0 RuntimeOnly:0 HLODRelevant:1
 |   |   |- [+] [ 45]
 |   |   |   |- Guid:99D269354921A15FE3688E9FC91C6064 BaseClass:/Game/Blueprint/Bp_respawntrigger.Bp_respawntrigger_C NativeClass:/Script/Engine.Actor Name:Bp_respawntrigger_C_UAID_744CA1D0C396368101_1124687939 Label:Bp_respawntrigger SpatiallyLoaded:1 Bounds:IsValid=true, Min=(X=-318180.000 Y=-307650.000 Z=-12358.000), Max=(X=321820.000 Y=332350.000 Z=-9142.000) RuntimeGrid:None EditorOnly:0 RuntimeOnly:0 HLODRelevant:0
 |   |   |- [+] [ 46]
 |   |   |   |- Guid:913D07D34A9E5622D74F3BA4222D1D97 BaseClass: NativeClass:/Script/Engine.StaticMeshActor Name:StaticMeshActor_UAID_744CA1D0C396358101_2018135743 Label:Cube35 SpatiallyLoaded:1 Bounds:IsValid=true, Min=(X=4076.248 Y=-6068.171 Z=646.154), Max=(X=5423.752 Y=-4431.829 Z=1793.846) RuntimeGrid:None EditorOnly:0 RuntimeOnly:0 HLODRelevant:1
 |   |   |- [+] [ 47]
 |   |   |   |- Guid:58F9132A4962A96F584974B0702EEA21 BaseClass:/Game/SkySphere/BP_Sky_Sphere_2.BP_Sky_Sphere_2_C NativeClass:/Script/Engine.Actor Name:BP_Sky_Sphere_2_C_UAID_D8BBC121C404F97F01_1474818095 Label:BP_Sky_Sphere_2 SpatiallyLoaded:1 Bounds:IsValid=true, Min=(X=-1636950.000 Y=-1636060.000 Z=-1638330.000), Max=(X=1639850.000 Y=1640740.000 Z=1638470.000) RuntimeGrid:None EditorOnly:0 RuntimeOnly:0 HLODRelevant:0 FolderPath:Lighting FolderGuid:0BA5F0A04EADB18E70D5B180D08FA34B
 |   |   |- [+] [ 48]
 |   |   |   |- Guid:054F68C34A048014E4A5B19E5A2E18B8 BaseClass: NativeClass:/Script/Engine.StaticMeshActor Name:StaticMeshActor_UAID_744CA1D0C396358101_2018140749 Label:Cube41 SpatiallyLoaded:1 Bounds:IsValid=true, Min=(X=10992.136 Y=-5268.754 Z=-4397.237), Max=(X=16227.864 Y=-1531.246 Z=6497.237) RuntimeGrid:None EditorOnly:0 RuntimeOnly:0 HLODRelevant:1
 |   |   |- [+] [ 49]
 |   |   |   |- Guid:C22CE07C4B87D685137FDBBC10FC92C6 BaseClass: NativeClass:/Script/Engine.SkyAtmosphere Name:SkyAtmosphere_0 Label:SkyAtmosphere SpatiallyLoaded:0 Bounds:IsValid=true, Min=(X=0.000 Y=0.000 Z=1020.000), Max=(X=0.000 Y=0.000 Z=1020.000) RuntimeGrid:None EditorOnly:0 RuntimeOnly:0 HLODRelevant:0 FolderPath:Lighting FolderGuid:0BA5F0A04EADB18E70D5B180D08FA34B
 |   |   |- [+] [ 50]
 |   |   |   |- Guid:D663693B49CBDA820542A18921459ABD BaseClass: NativeClass:/Script/Engine.StaticMeshActor Name:StaticMeshActor_UAID_744CA1D0C396358101_2018143754 Label:Cube46 SpatiallyLoaded:1 Bounds:IsValid=true, Min=(X=14626.817 Y=19916.160 Z=-1539.113), Max=(X=22273.183 Y=27743.840 Z=-20.887) RuntimeGrid:None EditorOnly:0 RuntimeOnly:0 HLODRelevant:1
 |   |   |- [+] [ 51]
 |   |   |   |- Guid:6FEFB3BD4EB37B849EF0D4AC80F83855 BaseClass: NativeClass:/Script/Engine.WorldDataLayers Name:WorldDataLayers Label:WorldDataLayers SpatiallyLoaded:0 Bounds:IsValid=true, Min=(X=0.000 Y=0.000 Z=0.000), Max=(X=0.000 Y=0.000 Z=0.000) RuntimeGrid:None EditorOnly:0 RuntimeOnly:0 HLODRelevant:0
 |   |   |- [+] [ 52]
 |   |   |   |- Guid:F751CC1F4009D1466194FDB5480D344A BaseClass:/Game/Blueprint/Bp_spawnpoint.Bp_spawnpoint_C NativeClass:/Script/Engine.Actor Name:Bp_spawnpoint_C_UAID_744CA1D0C396368101_1106046938 Label:Bp_spawnpoint SpatiallyLoaded:1 Bounds:IsValid=true, Min=(X=-2037.923 Y=-16377.923 Z=80.000), Max=(X=-1922.077 Y=-16262.077 Z=80.000) RuntimeGrid:None EditorOnly:0 RuntimeOnly:0 HLODRelevant:0
 |   |   |- [+] [ 53]
 |   |   |   |- Guid:6BC761A44D18A894B5F01E9719EF15FC BaseClass: NativeClass:/Script/Engine.StaticMeshActor Name:StaticMeshActor_UAID_744CA1D0C396358101_2018119719 Label:Cube11 SpatiallyLoaded:1 Bounds:IsValid=true, Min=(X=7003.681 Y=-6539.166 Z=-557.500), Max=(X=14416.319 Y=559.166 Z=1017.500) RuntimeGrid:None EditorOnly:0 RuntimeOnly:0 HLODRelevant:1
 |   |   |- [+] [ 54]
 |   |   |   |- Guid:E96BA91E441BB6F178B9FFA822ECF834 BaseClass: NativeClass:/Script/Engine.StaticMeshActor Name:StaticMeshActor_UAID_744CA1D0C396358101_2018145756 Label:Cube48 SpatiallyLoaded:1 Bounds:IsValid=true, Min=(X=5651.727 Y=19131.338 Z=-1406.113), Max=(X=17508.273 Y=30208.662 Z=-193.887) RuntimeGrid:None EditorOnly:0 RuntimeOnly:0 HLODRelevant:1
 |   |   |- [+] [ 55]
 |   |   |   |- Guid:2560BC4345DC3A199747888E1E8F1E0F BaseClass: NativeClass:/Script/Engine.StaticMeshActor Name:StaticMeshActor_UAID_744CA1D0C396358101_2018124727 Label:Cube19 SpatiallyLoaded:1 Bounds:IsValid=true, Min=(X=-2652.969 Y=3813.018 Z=-1121.799), Max=(X=1352.969 Y=9746.982 Z=641.799) RuntimeGrid:None EditorOnly:0 RuntimeOnly:0 HLODRelevant:1
 |   |   |- [+] [ 56]
 |   |   |   |- Guid:C3A168EF4B0F7E8F85D9EB844B161A7C BaseClass: NativeClass:/Script/Engine.StaticMeshActor Name:StaticMeshActor_UAID_744CA1D0C396368101_1719714942 Label:Cube56 SpatiallyLoaded:1 Bounds:IsValid=true, Min=(X=-1869.953 Y=-1228.330 Z=-945.112), Max=(X=2529.953 Y=2408.330 Z=785.112) RuntimeGrid:None EditorOnly:0 RuntimeOnly:0 HLODRelevant:1
 |   |   |- [+] [ 57]
 |   |   |   |- Guid:81580A674E42066AC0A4C981F9ED78A9 BaseClass: NativeClass:/Script/Engine.StaticMeshActor Name:StaticMeshActor_UAID_744CA1D0C396358101_2018118718 Label:Cube10 SpatiallyLoaded:1 Bounds:IsValid=true, Min=(X=8206.242 Y=-2497.595 Z=-390.000), Max=(X=13213.758 Y=2497.595 Z=910.000) RuntimeGrid:None EditorOnly:0 RuntimeOnly:0 HLODRelevant:1
 |   |   |- [+] [ 58]
 |   |   |   |- Guid:70E79DAD4FD0A153663144BA0C89371D BaseClass: NativeClass:/Script/Engine.StaticMeshActor Name:StaticMeshActor_UAID_744CA1D0C396358101_2018144755 Label:Cube47 SpatiallyLoaded:1 Bounds:IsValid=true, Min=(X=8051.990 Y=28320.278 Z=-4833.853), Max=(X=14808.010 Y=32979.722 Z=6873.853) RuntimeGrid:None EditorOnly:0 RuntimeOnly:0 HLODRelevant:1
 |   |   |- [+] [ 59]
 |   |   |   |- Guid:915E06A64A1B4607F2ECBB90A812FDC3 BaseClass: NativeClass:/Script/Engine.StaticMeshActor Name:StaticMeshActor_UAID_744CA1D0C396358101_2018133740 Label:Cube32 SpatiallyLoaded:1 Bounds:IsValid=true, Min=(X=1757.720 Y=-1796.489 Z=3503.605), Max=(X=3302.280 Y=-143.511 Z=3936.395) RuntimeGrid:None EditorOnly:0 RuntimeOnly:0 HLODRelevant:1
 |   |   |- [+] [ 60]
 |   |   |   |- Guid:CE8D82634660FCDB3120E2B8D547C533 BaseClass: NativeClass:/Script/Engine.PostProcessVolume Name:PostProcessVolume_0 Label:PostProcessVolume SpatiallyLoaded:0 Bounds:IsValid=true, Min=(X=0.000 Y=0.000 Z=400.000), Max=(X=200.000 Y=200.000 Z=600.000) RuntimeGrid:None EditorOnly:0 RuntimeOnly:0 HLODRelevant:0 FolderPath:Lighting FolderGuid:0BA5F0A04EADB18E70D5B180D08FA34B
 |   |   |- [+] [ 61]
 |   |   |   |- Guid:490E96574F42DD2C3A08269897AF3A4B BaseClass: NativeClass:/Script/Engine.StaticMeshActor Name:StaticMeshActor_UAID_744CA1D0C396358101_2018145757 Label:Cube49 SpatiallyLoaded:1 Bounds:IsValid=true, Min=(X=-3404.550 Y=14013.978 Z=-4464.708), Max=(X=-3155.450 Y=27026.022 Z=6504.708) RuntimeGrid:None EditorOnly:0 RuntimeOnly:0 HLODRelevant:1
 |   |   |- [+] [ 62]
 |   |   |   |- Guid:8A16903B4868FA053CCF74A0BF4FD068 BaseClass: NativeClass:/Script/Engine.StaticMeshActor Name:StaticMeshActor_UAID_744CA1D0C396358101_2018140750 Label:Cube42 SpatiallyLoaded:1 Bounds:IsValid=true, Min=(X=10805.021 Y=-2688.700 Z=-418.924), Max=(X=15914.979 Y=3608.700 Z=958.924) RuntimeGrid:None EditorOnly:0 RuntimeOnly:0 HLODRelevant:1
 |   |   |- [+] [ 63]
 |   |   |   |- Guid:96A4B19042DA181C522F9F9B95CA3AD3 BaseClass: NativeClass:/Script/Engine.StaticMeshActor Name:StaticMeshActor_UAID_744CA1D0C396358101_2018116716 Label:Cube8 SpatiallyLoaded:1 Bounds:IsValid=true, Min=(X=-4526.024 Y=-4417.184 Z=-757.320), Max=(X=3326.024 Y=1317.184 Z=937.320) RuntimeGrid:None EditorOnly:0 RuntimeOnly:0 HLODRelevant:1
 |   |   |- [+] [ 64]
 |   |   |   |- Guid:36E2DC2D496C3E677D31A58E2C89727B BaseClass: NativeClass:/Script/Engine.StaticMeshActor Name:StaticMeshActor_UAID_744CA1D0C396CC8101_1459907287 Label:Cube57 SpatiallyLoaded:1 Bounds:IsValid=true, Min=(X=14096.803 Y=-19975.519 Z=3867.496), Max=(X=24063.197 Y=-11544.481 Z=5772.504) RuntimeGrid:None EditorOnly:0 RuntimeOnly:0 HLODRelevant:1
 |   |   |- [+] [ 65]
 |   |   |   |- Guid:C31C79A143EE6AD1DF88A889F24C6F90 BaseClass: NativeClass:/Script/Engine.StaticMeshActor Name:StaticMeshActor_UAID_744CA1D0C396CC8101_1545209290 Label:Cube58 SpatiallyLoaded:1 Bounds:IsValid=true, Min=(X=15874.409 Y=-17436.763 Z=3404.854), Max=(X=24545.591 Y=-7843.237 Z=5855.146) RuntimeGrid:None EditorOnly:0 RuntimeOnly:0 HLODRelevant:1
 |   |   |- [+] [ 66]
 |   |   |   |- Guid:67C9F00745FBE0E0888A0AA3BE58E176 BaseClass: NativeClass:/Script/Engine.StaticMeshActor Name:StaticMeshActor_UAID_744CA1D0C396CC8101_1563688291 Label:Cube59 SpatiallyLoaded:1 Bounds:IsValid=true, Min=(X=16511.406 Y=-18374.163 Z=4046.711), Max=(X=27148.594 Y=-8145.837 Z=5593.289) RuntimeGrid:None EditorOnly:0 RuntimeOnly:0 HLODRelevant:1
 |   |   |- [+] [ 67]
 |   |   |   |- Guid:2DAF87C14911D1F8D2C0E291726DB6E1 BaseClass: NativeClass:/Script/Engine.StaticMeshActor Name:StaticMeshActor_UAID_744CA1D0C396CC8101_1573132292 Label:Cube60 SpatiallyLoaded:1 Bounds:IsValid=true, Min=(X=21350.458 Y=-22060.952 Z=4008.884), Max=(X=32429.542 Y=-10639.048 Z=5631.116) RuntimeGrid:None EditorOnly:0 RuntimeOnly:0 HLODRelevant:1
 |   |   |- [+] [ 68]
 |   |   |   |- Guid:32ABCB0B45F7143DCD4F54AC7B098917 BaseClass: NativeClass:/Script/Engine.StaticMeshActor Name:StaticMeshActor_UAID_744CA1D0C396CC8101_1584811293 Label:Cube61 SpatiallyLoaded:1 Bounds:IsValid=true, Min=(X=13025.480 Y=-27050.545 Z=3383.897), Max=(X=29694.520 Y=-15469.455 Z=6256.103) RuntimeGrid:None EditorOnly:0 RuntimeOnly:0 HLODRelevant:1
 |   |   |- [+] [ 69]
 |   |   |   |- Guid:9023DB384215B84ABD36459F896E146C BaseClass: NativeClass:/Script/Engine.StaticMeshActor Name:StaticMeshActor_UAID_744CA1D0C396CC8101_1664916294 Label:Cube62 SpatiallyLoaded:1 Bounds:IsValid=true, Min=(X=2722.621 Y=-2583.439 Z=3594.535), Max=(X=5337.379 Y=1043.439 Z=4225.465) RuntimeGrid:None EditorOnly:0 RuntimeOnly:0 HLODRelevant:1
 |   |   |- [+] [ 70]
 |   |   |   |- Guid:1FF68ECD44FEC50AC273C2A0B62CB2BF BaseClass: NativeClass:/Script/Engine.StaticMeshActor Name:StaticMeshActor_UAID_744CA1D0C396CC8101_1682882295 Label:Cube63 SpatiallyLoaded:1 Bounds:IsValid=true, Min=(X=848.559 Y=455.000 Z=3416.299), Max=(X=2991.441 Y=2545.000 Z=4043.701) RuntimeGrid:None EditorOnly:0 RuntimeOnly:0 HLODRelevant:1
 |   |   |- [+] [ 71]
 |   |   |   |- Guid:3AE1152C4E1E6AA68D1EFF9924E0B898 BaseClass: NativeClass:/Script/Engine.StaticMeshActor Name:StaticMeshActor_UAID_744CA1D0C396CC8101_1703258296 Label:Cube64 SpatiallyLoaded:1 Bounds:IsValid=true, Min=(X=-1572.377 Y=294.974 Z=4179.359), Max=(X=832.377 Y=2705.026 Z=5020.641) RuntimeGrid:None EditorOnly:0 RuntimeOnly:0 HLODRelevant:1
 |   |   |- [+] [ 72]
 |   |   |   |- Guid:A63FE3C64467BC2A36CF05AFF076A23F BaseClass: NativeClass:/Script/Engine.StaticMeshActor Name:StaticMeshActor_UAID_744CA1D0C396CC8101_1726922297 Label:Cube65 SpatiallyLoaded:1 Bounds:IsValid=true, Min=(X=-3667.509 Y=-185.220 Z=5134.508), Max=(X=-1229.072 Y=2285.531 Z=5885.492) RuntimeGrid:None EditorOnly:0 RuntimeOnly:0 HLODRelevant:1
 |   |   |- [+] [ 73]
 |   |   |   |- Guid:C42B88964C274A1B24F056B80816E6AF BaseClass: NativeClass:/Script/Engine.StaticMeshActor Name:StaticMeshActor_UAID_744CA1D0C396CC8101_1754963298 Label:Cube66 SpatiallyLoaded:1 Bounds:IsValid=true, Min=(X=2624.020 Y=-2276.538 Z=-50.000), Max=(X=6695.980 Y=1876.538 Z=450.000) RuntimeGrid:None EditorOnly:0 RuntimeOnly:0 HLODRelevant:1
 |   |   |- [+] [ 74]
 |   |   |   |- Guid:BFE8101E465A708D3E571FA6CCB78954 BaseClass: NativeClass:/Script/Engine.StaticMeshActor Name:StaticMeshActor_UAID_744CA1D0C396CC8101_1794011299 Label:Cube67 SpatiallyLoaded:1 Bounds:IsValid=true, Min=(X=-3384.295 Y=24800.062 Z=-4354.343), Max=(X=1864.295 Y=30239.938 Z=-2445.657) RuntimeGrid:None EditorOnly:0 RuntimeOnly:0 HLODRelevant:1
 |   |   |- [+] [ 75]
 |   |   |   |- Guid:928918B2471A18610EFF9A90B15CA795 BaseClass: NativeClass:/Script/Engine.StaticMeshActor Name:StaticMeshActor_UAID_744CA1D0C396CC8101_1838837300 Label:Cube68 SpatiallyLoaded:1 Bounds:IsValid=true, Min=(X=13100.148 Y=14463.239 Z=-1206.195), Max=(X=16299.852 Y=17956.761 Z=-393.805) RuntimeGrid:None EditorOnly:0 RuntimeOnly:0 HLODRelevant:1
 |   |   |- [+] [ 76]
 |   |   |   |- Guid:87CC0B4A419780E9EFC72A81AD9BA992 BaseClass: NativeClass:/Script/Engine.StaticMeshActor Name:StaticMeshActor_UAID_744CA1D0C396CC8101_2054562301 Label:Cube69 SpatiallyLoaded:1 Bounds:IsValid=true, Min=(X=-2157.444 Y=-6752.851 Z=-552.500), Max=(X=2657.444 Y=-2147.149 Z=372.500) RuntimeGrid:None EditorOnly:0 RuntimeOnly:0 HLODRelevant:1
 |- ContainerInstances:
 |- [+] MainContainer:
 |   |-        ID: 0x0000000000000000
 |   |-    Bounds: IsValid=false, Min=(X=0.000 Y=0.000 Z=0.000), Max=(X=0.000 Y=0.000 Z=0.000)
 |   |- Transform: 0.000000,0.000000,0.000000|0.000000,0.000000,-0.000000|1.000000,1.000000,1.000000
 |   |- Container: /Game/FirstPerson/Maps/FirstPersonMap
----------------------------------------------------------------------------------------------------------------
FirstPersonMap - Persistent Level
----------------------------------------------------------------------------------------------------------------
Always loaded Actor Count: 83 

----------------------------------------------------------------------------------------------------------------
FirstPersonMap - Runtime Spatial Hash - Streaming Grid - MainGrid
----------------------------------------------------------------------------------------------------------------
            Origin: X=0.000 Y=0.000 Z=0.000
         Cell Size: 12800
      World Bounds: IsValid=false, Min=(X=0.000 Y=0.000 Z=0.000), Max=(X=0.000 Y=0.000 Z=0.000)
     Loading Range: 25600.00
Block Slow Loading: No
 ClientOnlyVisible: No

[+] Grid Levels: 1
 |- Level  0: Cell Count    0 | Cell Size   12800 | Actor Count    0 (0.0%)

[+] Content of Grid Level 0

