[+] Containers:
 |- [+] Container: /Game/FirstPerson/Maps/FirstPersonMap
 |   |- [+] ActorDescs:
 |   |   |- Guid:00761A3E470E19839BE31299623E0512 BaseClass: NativeClass:/Script/Engine.StaticMeshActor Name:StaticMeshActor_UAID_744CA1D0C396358101_2018127731 Label:Cube23 SpatiallyLoaded:1 Bounds:IsValid=true, Min=(X=6852.866 Y=2281.046 Z=-460.201), Max=(X=11827.134 Y=6558.954 Z=1020.201) RuntimeGrid:None EditorOnly:0 RuntimeOnly:0 HLODRelevant:1
 |   |   |- Guid:022C561E4C7A6D46B523C19AFB14DD4F BaseClass: NativeClass:/Script/Engine.StaticMeshActor Name:StaticMeshActor_UAID_744CA1D0C396358101_2018123725 Label:Cube17 SpatiallyLoaded:1 Bounds:IsValid=true, Min=(X=-3376.681 Y=7462.374 Z=-1708.521), Max=(X=2076.681 Y=13397.626 Z=-751.479) RuntimeGrid:None EditorOnly:0 RuntimeOnly:0 HLODRelevant:1
 |   |   |- Guid:04BFAB3B4D182E9FDA07BFAC4231EF67 BaseClass: NativeClass:/Script/Engine.StaticMeshActor Name:StaticMeshActor_UAID_744CA1D0C396358101_2018138747 Label:Cube39 SpatiallyLoaded:1 Bounds:IsValid=true, Min=(X=10809.890 Y=-10980.929 Z=4510.168), Max=(X=18770.110 Y=-3359.071 Z=5169.832) RuntimeGrid:None EditorOnly:0 RuntimeOnly:0 HLODRelevant:1
 |   |   |- Guid:0500CE61425C0431BEB9B3A5E588FA61 BaseClass: NativeClass:/Script/Engine.StaticMeshActor Name:StaticMeshActor_UAID_744CA1D0C396358101_2018126730 Label:Cube22 SpatiallyLoaded:1 Bounds:IsValid=true, Min=(X=15789.301 Y=-1846.311 Z=-614.936), Max=(X=23370.699 Y=4926.311 Z=314.936) RuntimeGrid:None EditorOnly:0 RuntimeOnly:0 HLODRelevant:1
 |   |   |- Guid:054F68C34A048014E4A5B19E5A2E18B8 BaseClass: NativeClass:/Script/Engine.StaticMeshActor Name:StaticMeshActor_UAID_744CA1D0C396358101_2018140749 Label:Cube41 SpatiallyLoaded:1 Bounds:IsValid=true, Min=(X=10992.136 Y=-5268.754 Z=-4877.237), Max=(X=16227.864 Y=-1531.246 Z=6017.237) RuntimeGrid:None EditorOnly:0 RuntimeOnly:0 HLODRelevant:1
 |   |   |- Guid:05A537264820329C7349DB92D5394C84 BaseClass: NativeClass:/Script/Engine.StaticMeshActor Name:StaticMeshActor_UAID_744CA1D0C396358101_2018135742 Label:Cube34 SpatiallyLoaded:1 Bounds:IsValid=true, Min=(X=-4236.998 Y=386.695 Z=985.000), Max=(X=-1323.002 Y=3913.305 Z=5435.000) RuntimeGrid:None EditorOnly:0 RuntimeOnly:0 HLODRelevant:1
 |   |   |- Guid:07A7DEF94A80FD5BE6C9928AECD7FF00 BaseClass: NativeClass:/Script/Engine.StaticMeshActor Name:StaticMeshActor_UAID_744CA1D0C396358101_2018138746 Label:Cube38 SpatiallyLoaded:1 Bounds:IsValid=true, Min=(X=7667.497 Y=-7115.186 Z=5348.834), Max=(X=11672.503 Y=-4784.814 Z=6871.166) RuntimeGrid:None EditorOnly:0 RuntimeOnly:0 HLODRelevant:1
 |   |   |- Guid:1579DDE14A3238D593D8648886CC4D5B BaseClass: NativeClass:/Script/Engine.StaticMeshActor Name:StaticMeshActor_UAID_744CA1D0C396358101_2018131736 Label:Cube28 SpatiallyLoaded:1 Bounds:IsValid=true, Min=(X=828.171 Y=-4141.713 Z=1540.000), Max=(X=1951.829 Y=-2958.287 Z=2340.000) RuntimeGrid:None EditorOnly:0 RuntimeOnly:0 HLODRelevant:1
 |   |   |- Guid:1B04A4F9416FA7C26EFBEBA0DCA09552 BaseClass: NativeClass:/Script/Engine.StaticMeshActor Name:StaticMeshActor_UAID_744CA1D0C396358101_2018130735 Label:Cube27 SpatiallyLoaded:1 Bounds:IsValid=true, Min=(X=1041.152 Y=-6250.911 Z=-1870.000), Max=(X=5238.848 Y=-1829.089 Z=1330.000) RuntimeGrid:None EditorOnly:0 RuntimeOnly:0 HLODRelevant:1
 |   |   |- Guid:1D2BC34F468FAD4605A9D9BAEEDFFD96 BaseClass: NativeClass:/Script/Engine.StaticMeshActor Name:StaticMeshActor_UAID_744CA1D0C396358101_2018147759 Label:Cube51 SpatiallyLoaded:1 Bounds:IsValid=true, Min=(X=-5321.519 Y=27770.730 Z=-6966.339), Max=(X=3801.519 Y=37109.270 Z=5166.339) RuntimeGrid:None EditorOnly:0 RuntimeOnly:0 HLODRelevant:1
 |   |   |- Guid:21262252453B37957EF29F82ABA2413B BaseClass: NativeClass:/Script/Engine.TextRenderActor Name:TextRenderActor_1 Label:TextRenderActor SpatiallyLoaded:1 Bounds:IsValid=true, Min=(X=-0.100 Y=1100.000 Z=65.013), Max=(X=-0.100 Y=2363.461 Z=215.013) RuntimeGrid:None EditorOnly:0 RuntimeOnly:0 HLODRelevant:0
 |   |   |- Guid:2560BC4345DC3A199747888E1E8F1E0F BaseClass: NativeClass:/Script/Engine.StaticMeshActor Name:StaticMeshActor_UAID_744CA1D0C396358101_2018124727 Label:Cube19 SpatiallyLoaded:1 Bounds:IsValid=true, Min=(X=-2652.969 Y=3813.018 Z=-1601.799), Max=(X=1352.969 Y=9746.982 Z=161.799) RuntimeGrid:None EditorOnly:0 RuntimeOnly:0 HLODRelevant:1
 |   |   |- Guid:32AC5A214EC5C3983FBB8CB5923FE6B1 BaseClass: NativeClass:/Script/NavigationSystem.RecastNavMesh Name:RecastNavMesh_UAID_D8BBC121C404FB7F01-Default Label:RecastNavMesh-Default SpatiallyLoaded:0 Bounds:IsValid=true, Min=(X=0.000 Y=0.000 Z=0.000), Max=(X=0.000 Y=0.000 Z=0.000) RuntimeGrid:None EditorOnly:0 RuntimeOnly:0 HLODRelevant:0
 |   |   |- Guid:353FFDC5426BBEAEBB80C4AAE9A2E4D3 BaseClass: NativeClass:/Script/Engine.StaticMeshActor Name:StaticMeshActor_UAID_744CA1D0C396358101_2018146758 Label:Cube50 SpatiallyLoaded:1 Bounds:IsValid=true, Min=(X=74.089 Y=17970.170 Z=-4314.522), Max=(X=1685.911 Y=28309.830 Z=4694.522) RuntimeGrid:None EditorOnly:0 RuntimeOnly:0 HLODRelevant:1
 |   |   |- Guid:43F0BB0A4D86D452EF1ABDAB879C3588 BaseClass: NativeClass:/Script/Engine.StaticMeshActor Name:StaticMeshActor_UAID_744CA1D0C396358101_2018137745 Label:Cube37 SpatiallyLoaded:1 Bounds:IsValid=true, Min=(X=5877.959 Y=-4708.953 Z=5228.066), Max=(X=9847.067 Y=-2400.259 Z=6698.946) RuntimeGrid:None EditorOnly:0 RuntimeOnly:0 HLODRelevant:1
 |   |   |- Guid:490E96574F42DD2C3A08269897AF3A4B BaseClass: NativeClass:/Script/Engine.StaticMeshActor Name:StaticMeshActor_UAID_744CA1D0C396358101_2018145757 Label:Cube49 SpatiallyLoaded:1 Bounds:IsValid=true, Min=(X=-3964.529 Y=14012.513 Z=-4947.895), Max=(X=-3115.471 Y=27027.487 Z=6027.895) RuntimeGrid:None EditorOnly:0 RuntimeOnly:0 HLODRelevant:1
 |   |   |- Guid:4B63E5D245FC470E97EC4D83E7F5B55C BaseClass: NativeClass:/Script/Engine.StaticMeshActor Name:StaticMeshActor_UAID_744CA1D0C396358101_2018107711 Label:Cube3 SpatiallyLoaded:1 Bounds:IsValid=true, Min=(X=1694.020 Y=1173.462 Z=-110.000), Max=(X=5765.980 Y=5326.538 Z=-10.000) RuntimeGrid:None EditorOnly:0 RuntimeOnly:0 HLODRelevant:1
 |   |   |- Guid:51609B134E296F9091F0E08D1A1F45C7 BaseClass: NativeClass:/Script/Engine.StaticMeshActor Name:StaticMeshActor_UAID_744CA1D0C396358101_2018114713 Label:Cube5 SpatiallyLoaded:1 Bounds:IsValid=true, Min=(X=-5262.368 Y=-1668.675 Z=-2875.000), Max=(X=-297.632 Y=3908.675 Z=3175.000) RuntimeGrid:None EditorOnly:0 RuntimeOnly:0 HLODRelevant:1
 |   |   |- Guid:525F8C9D4D2C1E7BC554DCB398FB9BBC BaseClass: NativeClass:/Script/Engine.StaticMeshActor Name:StaticMeshActor_UAID_744CA1D0C396358101_2018139748 Label:Cube40 SpatiallyLoaded:1 Bounds:IsValid=true, Min=(X=17825.398 Y=-10525.401 Z=1945.994), Max=(X=26214.602 Y=-2474.599 Z=3914.006) RuntimeGrid:None EditorOnly:0 RuntimeOnly:0 HLODRelevant:1
 |   |   |- Guid:5353E68A48EC04958D978A82150060C5 BaseClass: NativeClass:/Script/Engine.StaticMeshActor Name:StaticMeshActor_UAID_744CA1D0C396358101_2018120721 Label:Cube13 SpatiallyLoaded:1 Bounds:IsValid=true, Min=(X=4896.242 Y=-4847.595 Z=-482.500), Max=(X=9903.758 Y=147.595 Z=42.500) RuntimeGrid:None EditorOnly:0 RuntimeOnly:0 HLODRelevant:1
 |   |   |- Guid:58F9132A4962A96F584974B0702EEA21 BaseClass:/Game/SkySphere/BP_Sky_Sphere_2.BP_Sky_Sphere_2_C NativeClass:/Script/Engine.Actor Name:BP_Sky_Sphere_2_C_UAID_D8BBC121C404F97F01_1474818095 Label:BP_Sky_Sphere_2 SpatiallyLoaded:1 Bounds:IsValid=true, Min=(X=-1636950.000 Y=-1636060.000 Z=-1638330.000), Max=(X=1639850.000 Y=1640740.000 Z=1638470.000) RuntimeGrid:None EditorOnly:0 RuntimeOnly:0 HLODRelevant:0 FolderPath:Lighting FolderGuid:0BA5F0A04EADB18E70D5B180D08FA34B
 |   |   |- Guid:60B6C10746395ACF63081C920586F9D5 BaseClass: NativeClass:/Script/Engine.StaticMeshActor Name:StaticMeshActor_UAID_744CA1D0C396358101_2018129733 Label:Cube25 SpatiallyLoaded:1 Bounds:IsValid=true, Min=(X=-8925.807 Y=-8196.467 Z=-1882.054), Max=(X=-2394.193 Y=196.467 Z=-477.946) RuntimeGrid:None EditorOnly:0 RuntimeOnly:0 HLODRelevant:1
 |   |   |- Guid:65679C4445B10775BCA8B9BBD9E1E964 BaseClass: NativeClass:/Script/Engine.StaticMeshActor Name:StaticMeshActor_UAID_744CA1D0C396358101_2018124726 Label:Cube18 SpatiallyLoaded:1 Bounds:IsValid=true, Min=(X=-6321.814 Y=2354.522 Z=-2484.986), Max=(X=-2518.186 Y=7945.478 Z=624.986) RuntimeGrid:None EditorOnly:0 RuntimeOnly:0 HLODRelevant:1
 |   |   |- Guid:676147474D40E02850C0E5AC15CDD7C7 BaseClass: NativeClass:/Script/Engine.StaticMeshActor Name:StaticMeshActor_UAID_744CA1D0C396358101_2018126729 Label:Cube21 SpatiallyLoaded:1 Bounds:IsValid=true, Min=(X=12209.995 Y=4698.770 Z=-1223.051), Max=(X=22850.005 Y=16081.230 Z=-36.949) RuntimeGrid:None EditorOnly:0 RuntimeOnly:0 HLODRelevant:1
 |   |   |- Guid:6992FA9F44493DF96A3365A3D8A4AEE9 BaseClass: NativeClass:/Script/Engine.StaticMeshActor Name:StaticMeshActor_UAID_744CA1D0C396358101_2018128732 Label:Cube24 SpatiallyLoaded:1 Bounds:IsValid=true, Min=(X=9832.602 Y=3471.046 Z=-648.364), Max=(X=14867.398 Y=7748.954 Z=1608.364) RuntimeGrid:None EditorOnly:0 RuntimeOnly:0 HLODRelevant:1
 |   |   |- Guid:6BC761A44D18A894B5F01E9719EF15FC BaseClass: NativeClass:/Script/Engine.StaticMeshActor Name:StaticMeshActor_UAID_744CA1D0C396358101_2018119719 Label:Cube11 SpatiallyLoaded:1 Bounds:IsValid=true, Min=(X=7003.681 Y=-6539.166 Z=-1007.500), Max=(X=14416.319 Y=559.166 Z=567.500) RuntimeGrid:None EditorOnly:0 RuntimeOnly:0 HLODRelevant:1
 |   |   |- Guid:6FEFB3BD4EB37B849EF0D4AC80F83855 BaseClass: NativeClass:/Script/Engine.WorldDataLayers Name:WorldDataLayers Label:WorldDataLayers SpatiallyLoaded:0 Bounds:IsValid=true, Min=(X=0.000 Y=0.000 Z=0.000), Max=(X=0.000 Y=0.000 Z=0.000) RuntimeGrid:None EditorOnly:0 RuntimeOnly:0 HLODRelevant:0
 |   |   |- Guid:70E79DAD4FD0A153663144BA0C89371D BaseClass: NativeClass:/Script/Engine.StaticMeshActor Name:StaticMeshActor_UAID_744CA1D0C396358101_2018144755 Label:Cube47 SpatiallyLoaded:1 Bounds:IsValid=true, Min=(X=8051.990 Y=28320.278 Z=-5313.853), Max=(X=14808.010 Y=32979.722 Z=6393.853) RuntimeGrid:None EditorOnly:0 RuntimeOnly:0 HLODRelevant:1
 |   |   |- Guid:7944CEEB46B5B40FEDADA3B7176F4598 BaseClass: NativeClass:/Script/Engine.StaticMeshActor Name:StaticMeshActor_UAID_744CA1D0C396358101_2018112712 Label:Cube4 SpatiallyLoaded:1 Bounds:IsValid=true, Min=(X=-2439.982 Y=1499.902 Z=-530.000), Max=(X=2139.982 Y=6020.098 Z=-30.000) RuntimeGrid:None EditorOnly:0 RuntimeOnly:0 HLODRelevant:1
 |   |   |- Guid:79F964F94AFD61929D60C8BB5EBBB867 BaseClass: NativeClass:/Script/Engine.StaticMeshActor Name:StaticMeshActor_UAID_744CA1D0C396358101_2018116715 Label:Cube7 SpatiallyLoaded:1 Bounds:IsValid=true, Min=(X=1250.018 Y=-5210.098 Z=-5735.000), Max=(X=5829.982 Y=-689.902 Z=5615.000) RuntimeGrid:None EditorOnly:0 RuntimeOnly:0 HLODRelevant:1
 |   |   |- Guid:7A6DB005469E543C0172229910E4ABF4 BaseClass: NativeClass:/Script/Engine.StaticMeshActor Name:StaticMeshActor_UAID_744CA1D0C396358101_2018121723 Label:Cube15 SpatiallyLoaded:1 Bounds:IsValid=true, Min=(X=-5996.099 Y=-19758.861 Z=-800.000), Max=(X=9756.099 Y=-4141.139 Z=-400.000) RuntimeGrid:None EditorOnly:0 RuntimeOnly:0 HLODRelevant:1
 |   |   |- Guid:7BC2E19A4BD764B4936AE28D48D80B3A BaseClass: NativeClass:/Script/Engine.StaticMeshActor Name:StaticMeshActor_UAID_744CA1D0C396358101_2018117717 Label:Cube9 SpatiallyLoaded:1 Bounds:IsValid=true, Min=(X=6556.242 Y=-2497.595 Z=-545.000), Max=(X=11563.758 Y=2497.595 Z=105.000) RuntimeGrid:None EditorOnly:0 RuntimeOnly:0 HLODRelevant:1
 |   |   |- Guid:7F2AF5D74CFE959CA95156BC7B3F8A2A BaseClass: NativeClass:/Script/Engine.StaticMeshActor Name:StaticMeshActor_UAID_744CA1D0C396358101_2018129734 Label:Cube26 SpatiallyLoaded:1 Bounds:IsValid=true, Min=(X=-5941.227 Y=985.127 Z=-484.506), Max=(X=-4791.227 Y=2443.810 Z=107.552) RuntimeGrid:None EditorOnly:0 RuntimeOnly:0 HLODRelevant:1
 |   |   |- Guid:8064908C458B23157C632889DE33B311 BaseClass: NativeClass:/Script/Engine.StaticMeshActor Name:StaticMeshActor_UAID_744CA1D0C396358101_2018142752 Label:Cube44 SpatiallyLoaded:1 Bounds:IsValid=true, Min=(X=14777.864 Y=19306.604 Z=-5961.424), Max=(X=19602.136 Y=22513.396 Z=7041.424) RuntimeGrid:None EditorOnly:0 RuntimeOnly:0 HLODRelevant:1
 |   |   |- Guid:81580A674E42066AC0A4C981F9ED78A9 BaseClass: NativeClass:/Script/Engine.StaticMeshActor Name:StaticMeshActor_UAID_744CA1D0C396358101_2018118718 Label:Cube10 SpatiallyLoaded:1 Bounds:IsValid=true, Min=(X=8206.242 Y=-2497.595 Z=-870.000), Max=(X=13213.758 Y=2497.595 Z=430.000) RuntimeGrid:None EditorOnly:0 RuntimeOnly:0 HLODRelevant:1
 |   |   |- Guid:840A9DC54865F24EDC3A8EA7D4E8D6BF BaseClass: NativeClass:/Script/NavigationSystem.NavMeshBoundsVolume Name:NavMeshBoundsVolume_UAID_D8BBC121C404FB7F01_1852341450 Label:NavMeshBoundsVolume SpatiallyLoaded:0 Bounds:IsValid=true, Min=(X=-280.000 Y=170.000 Z=-1530.000), Max=(X=3220.000 Y=3670.000 Z=1970.000) RuntimeGrid:None EditorOnly:0 RuntimeOnly:0 HLODRelevant:0
 |   |   |- Guid:8A16903B4868FA053CCF74A0BF4FD068 BaseClass: NativeClass:/Script/Engine.StaticMeshActor Name:StaticMeshActor_UAID_744CA1D0C396358101_2018140750 Label:Cube42 SpatiallyLoaded:1 Bounds:IsValid=true, Min=(X=10805.021 Y=-2688.700 Z=-898.924), Max=(X=15914.979 Y=3608.700 Z=478.924) RuntimeGrid:None EditorOnly:0 RuntimeOnly:0 HLODRelevant:1
 |   |   |- Guid:913D07D34A9E5622D74F3BA4222D1D97 BaseClass: NativeClass:/Script/Engine.StaticMeshActor Name:StaticMeshActor_UAID_744CA1D0C396358101_2018135743 Label:Cube35 SpatiallyLoaded:1 Bounds:IsValid=true, Min=(X=4076.248 Y=-6068.171 Z=166.154), Max=(X=5423.752 Y=-4431.829 Z=1313.846) RuntimeGrid:None EditorOnly:0 RuntimeOnly:0 HLODRelevant:1
 |   |   |- Guid:915E06A64A1B4607F2ECBB90A812FDC3 BaseClass: NativeClass:/Script/Engine.StaticMeshActor Name:StaticMeshActor_UAID_744CA1D0C396358101_2018133740 Label:Cube32 SpatiallyLoaded:1 Bounds:IsValid=true, Min=(X=1796.979 Y=-1482.087 Z=3099.963), Max=(X=2563.021 Y=-697.913 Z=3620.037) RuntimeGrid:None EditorOnly:0 RuntimeOnly:0 HLODRelevant:1
 |   |   |- Guid:922863F944CA7E3F016E78B567CDA06E BaseClass: NativeClass:/Script/Engine.StaticMeshActor Name:StaticMeshActor_UAID_744CA1D0C396358101_2018143753 Label:Cube45 SpatiallyLoaded:1 Bounds:IsValid=true, Min=(X=17049.229 Y=13980.399 Z=-1817.640), Max=(X=27990.771 Y=23399.601 Z=-822.360) RuntimeGrid:None EditorOnly:0 RuntimeOnly:0 HLODRelevant:1
 |   |   |- Guid:94BD19C344949E24697F65A44B43E1BF BaseClass: NativeClass:/Script/Engine.StaticMeshActor Name:StaticMeshActor_UAID_744CA1D0C396358101_2018132738 Label:Cube30 SpatiallyLoaded:1 Bounds:IsValid=true, Min=(X=667.942 Y=-3394.820 Z=1815.000), Max=(X=1392.058 Y=-2805.180 Z=2065.000) RuntimeGrid:None EditorOnly:0 RuntimeOnly:0 HLODRelevant:1
 |   |   |- Guid:96A4B19042DA181C522F9F9B95CA3AD3 BaseClass: NativeClass:/Script/Engine.StaticMeshActor Name:StaticMeshActor_UAID_744CA1D0C396358101_2018116716 Label:Cube8 SpatiallyLoaded:1 Bounds:IsValid=true, Min=(X=-4526.024 Y=-4417.184 Z=-1237.320), Max=(X=3326.024 Y=1317.184 Z=457.320) RuntimeGrid:None EditorOnly:0 RuntimeOnly:0 HLODRelevant:1
 |   |   |- Guid:979E40614B8F0FEEE2F7C18CFDD72DE4 BaseClass: NativeClass:/Script/Engine.StaticMeshActor Name:StaticMeshActor_UAID_744CA1D0C396358101_2018147760 Label:Cube52 SpatiallyLoaded:1 Bounds:IsValid=true, Min=(X=4729.923 Y=30517.263 Z=-3648.269), Max=(X=10890.077 Y=34062.737 Z=4728.269) RuntimeGrid:None EditorOnly:0 RuntimeOnly:0 HLODRelevant:1
 |   |   |- Guid:99D269354921A15FE3688E9FC91C6064 BaseClass:/Game/Blueprint/Bp_respawntrigger.Bp_respawntrigger_C NativeClass:/Script/Engine.Actor Name:Bp_respawntrigger_C_UAID_744CA1D0C396368101_1124687939 Label:Bp_respawntrigger SpatiallyLoaded:1 Bounds:IsValid=true, Min=(X=-318180.000 Y=-307650.000 Z=-9492.000), Max=(X=321820.000 Y=332350.000 Z=-9428.000) RuntimeGrid:None EditorOnly:0 RuntimeOnly:0 HLODRelevant:0
 |   |   |- Guid:A354B1B24E617A525DC6B48CCDE2417E BaseClass: NativeClass:/Script/Engine.PlayerStart Name:PlayerStart_0 Label:PlayerStart SpatiallyLoaded:0 Bounds:IsValid=true, Min=(X=-2080.000 Y=-16320.000 Z=-329.987), Max=(X=-2000.000 Y=-16240.000 Z=-145.987) RuntimeGrid:None EditorOnly:0 RuntimeOnly:0 HLODRelevant:0
 |   |   |- Guid:A4FEFCC14B005BA96B4CC298E4179329 BaseClass: NativeClass:/Script/Engine.StaticMeshActor Name:StaticMeshActor_UAID_744CA1D0C396358101_2018148761 Label:Cube53 SpatiallyLoaded:1 Bounds:IsValid=true, Min=(X=332.052 Y=26560.254 Z=-1479.347), Max=(X=5727.948 Y=33019.746 Z=-1080.653) RuntimeGrid:None EditorOnly:0 RuntimeOnly:0 HLODRelevant:1
 |   |   |- Guid:A8941E964D50A18A659E1AABA5AD8CDB BaseClass: NativeClass:/Script/Engine.StaticMeshActor Name:StaticMeshActor_UAID_744CA1D0C396358101_2018115714 Label:Cube6 SpatiallyLoaded:1 Bounds:IsValid=true, Min=(X=-2667.444 Y=-6342.851 Z=-952.500), Max=(X=2147.444 Y=-1737.149 Z=-27.500) RuntimeGrid:None EditorOnly:0 RuntimeOnly:0 HLODRelevant:1
 |   |   |- Guid:AA2A3874400679E467EDB1A9E13C10EE BaseClass: NativeClass:/Script/Engine.StaticMeshActor Name:StaticMeshActor_UAID_744CA1D0C396358101_2018136744 Label:Cube36 SpatiallyLoaded:1 Bounds:IsValid=true, Min=(X=-1983.347 Y=-2563.155 Z=5121.669), Max=(X=2603.347 Y=-36.845 Z=5438.331) RuntimeGrid:None EditorOnly:0 RuntimeOnly:0 HLODRelevant:1
 |   |   |- Guid:BE62B0D24294C7787D14F6BDE9899B5F BaseClass: NativeClass:/Script/Engine.StaticMeshActor Name:StaticMeshActor_UAID_744CA1D0C396358101_2018125728 Label:Cube20 SpatiallyLoaded:1 Bounds:IsValid=true, Min=(X=1324.252 Y=5189.707 Z=-1455.885), Max=(X=8595.748 Y=11870.293 Z=-564.115) RuntimeGrid:None EditorOnly:0 RuntimeOnly:0 HLODRelevant:1
 |   |   |- Guid:BFCEC7A54B73340CD1A045B744B91388 BaseClass: NativeClass:/Script/Engine.StaticMeshActor Name:StaticMeshActor_UAID_744CA1D0C396358101_2018134741 Label:Cube33 SpatiallyLoaded:1 Bounds:IsValid=true, Min=(X=-2174.215 Y=-2297.048 Z=2526.299), Max=(X=-65.785 Y=-302.952 Z=3153.701) RuntimeGrid:None EditorOnly:0 RuntimeOnly:0 HLODRelevant:1
 |   |   |- Guid:C22CE07C4B87D685137FDBBC10FC92C6 BaseClass: NativeClass:/Script/Engine.SkyAtmosphere Name:SkyAtmosphere_0 Label:SkyAtmosphere SpatiallyLoaded:0 Bounds:IsValid=true, Min=(X=0.000 Y=0.000 Z=1020.000), Max=(X=0.000 Y=0.000 Z=1020.000) RuntimeGrid:None EditorOnly:0 RuntimeOnly:0 HLODRelevant:0 FolderPath:Lighting FolderGuid:0BA5F0A04EADB18E70D5B180D08FA34B
 |   |   |- Guid:CE8D82634660FCDB3120E2B8D547C533 BaseClass: NativeClass:/Script/Engine.PostProcessVolume Name:PostProcessVolume_0 Label:PostProcessVolume SpatiallyLoaded:0 Bounds:IsValid=true, Min=(X=0.000 Y=0.000 Z=400.000), Max=(X=200.000 Y=200.000 Z=600.000) RuntimeGrid:None EditorOnly:0 RuntimeOnly:0 HLODRelevant:0 FolderPath:Lighting FolderGuid:0BA5F0A04EADB18E70D5B180D08FA34B
 |   |   |- Guid:D663693B49CBDA820542A18921459ABD BaseClass: NativeClass:/Script/Engine.StaticMeshActor Name:StaticMeshActor_UAID_744CA1D0C396358101_2018143754 Label:Cube46 SpatiallyLoaded:1 Bounds:IsValid=true, Min=(X=14449.675 Y=20756.160 Z=-1138.521), Max=(X=22110.325 Y=28583.840 Z=-181.479) RuntimeGrid:None EditorOnly:0 RuntimeOnly:0 HLODRelevant:1
 |   |   |- Guid:D6DBB22947FE75F1E58B1C95B1C0744D BaseClass: NativeClass:/Script/Engine.StaticMeshActor Name:StaticMeshActor_UAID_744CA1D0C396358101_2018141751 Label:Cube43 SpatiallyLoaded:1 Bounds:IsValid=true, Min=(X=5023.426 Y=13039.348 Z=-6844.018), Max=(X=12716.574 Y=17980.652 Z=7924.018) RuntimeGrid:None EditorOnly:0 RuntimeOnly:0 HLODRelevant:1
 |   |   |- Guid:D872D2C344170A1ACABED886C3EBB11E BaseClass: NativeClass:/Script/Engine.StaticMeshActor Name:StaticMeshActor_UAID_744CA1D0C396358101_2018131737 Label:Cube29 SpatiallyLoaded:1 Bounds:IsValid=true, Min=(X=609.159 Y=-4218.079 Z=1545.000), Max=(X=1230.841 Y=-3461.921 Z=1795.000) RuntimeGrid:None EditorOnly:0 RuntimeOnly:0 HLODRelevant:1
 |   |   |- Guid:E0D0AA394D89A926C0E8EE979AF91D20 BaseClass: NativeClass:/Script/Engine.StaticMeshActor Name:StaticMeshActor_UAID_744CA1D0C396358101_2018133739 Label:Cube31 SpatiallyLoaded:1 Bounds:IsValid=true, Min=(X=1368.503 Y=-2442.382 Z=1793.066), Max=(X=2631.497 Y=-957.618 Z=3226.934) RuntimeGrid:None EditorOnly:0 RuntimeOnly:0 HLODRelevant:1
 |   |   |- Guid:E1BF8D3E408388DA101608A483056763 BaseClass: NativeClass:/Script/Engine.StaticMeshActor Name:StaticMeshActor_UAID_744CA1D0C396358101_2018121722 Label:Cube14 SpatiallyLoaded:1 Bounds:IsValid=true, Min=(X=-711.590 Y=-9304.065 Z=-510.000), Max=(X=7791.590 Y=-3355.935 Z=-310.000) RuntimeGrid:None EditorOnly:0 RuntimeOnly:0 HLODRelevant:1
 |   |   |- Guid:E5320C1B4FD9764CE7B54D8487AEC613 BaseClass: NativeClass:/Script/Engine.SkyLight Name:SkyLight_0 Label:SkyLight SpatiallyLoaded:0 Bounds:IsValid=true, Min=(X=0.000 Y=0.000 Z=690.000), Max=(X=0.000 Y=0.000 Z=690.000) RuntimeGrid:None EditorOnly:0 RuntimeOnly:0 HLODRelevant:0 FolderPath:Lighting FolderGuid:0BA5F0A04EADB18E70D5B180D08FA34B
 |   |   |- Guid:E96BA91E441BB6F178B9FFA822ECF834 BaseClass: NativeClass:/Script/Engine.StaticMeshActor Name:StaticMeshActor_UAID_744CA1D0C396358101_2018145756 Label:Cube48 SpatiallyLoaded:1 Bounds:IsValid=true, Min=(X=5651.727 Y=19131.338 Z=-1886.113), Max=(X=17508.273 Y=30208.662 Z=-673.887) RuntimeGrid:None EditorOnly:0 RuntimeOnly:0 HLODRelevant:1
 |   |   |- Guid:EE66F4454A4A9F99393F559AB739C05E BaseClass:/Game/FirstPerson/Blueprints/BP_Pickup_Rifle.BP_Pickup_Rifle_C NativeClass:/Script/Engine.Actor Name:BP_Rifle_C_1 Label:BP_Pickup_Rifle SpatiallyLoaded:1 Bounds:IsValid=true, Min=(X=1378.000 Y=818.000 Z=64.000), Max=(X=1442.000 Y=919.041 Z=128.000) RuntimeGrid:None EditorOnly:0 RuntimeOnly:0 HLODRelevant:0
 |   |   |- Guid:F0AC5A5F42202B4E65A3F785EE05DD4B BaseClass: NativeClass:/Script/Engine.StaticMeshActor Name:StaticMeshActor_UAID_744CA1D0C396358101_2018122724 Label:Cube16 SpatiallyLoaded:1 Bounds:IsValid=true, Min=(X=-2652.969 Y=3813.018 Z=-1601.799), Max=(X=1352.969 Y=9746.982 Z=161.799) RuntimeGrid:None EditorOnly:0 RuntimeOnly:0 HLODRelevant:1
 |   |   |- Guid:F751CC1F4009D1466194FDB5480D344A BaseClass:/Game/Blueprint/Bp_spawnpoint.Bp_spawnpoint_C NativeClass:/Script/Engine.Actor Name:Bp_spawnpoint_C_UAID_744CA1D0C396368101_1106046938 Label:Bp_spawnpoint SpatiallyLoaded:1 Bounds:IsValid=true, Min=(X=-2037.923 Y=-16377.923 Z=-400.000), Max=(X=-1922.077 Y=-16262.077 Z=-400.000) RuntimeGrid:None EditorOnly:0 RuntimeOnly:0 HLODRelevant:0
 |   |   |- Guid:F80621C9446867154938FE81375207DA BaseClass: NativeClass:/Script/Engine.DirectionalLight Name:DirectionalLight_1 Label:DirectionalLight SpatiallyLoaded:0 Bounds:IsValid=true, Min=(X=-1048576.000 Y=-1048576.000 Z=-1048576.000), Max=(X=1048576.000 Y=1048576.000 Z=1048576.000) RuntimeGrid:None EditorOnly:0 RuntimeOnly:0 HLODRelevant:0 FolderPath:Lighting FolderGuid:0BA5F0A04EADB18E70D5B180D08FA34B
 |   |   |- Guid:F9AD877A4D0450B6D0037C9E7BFF9A9C BaseClass: NativeClass:/Script/Engine.StaticMeshActor Name:StaticMeshActor_UAID_744CA1D0C396358101_2018119720 Label:Cube12 SpatiallyLoaded:1 Bounds:IsValid=true, Min=(X=5025.128 Y=-8203.185 Z=-1007.500), Max=(X=11994.872 Y=-1436.815 Z=567.500) RuntimeGrid:None EditorOnly:0 RuntimeOnly:0 HLODRelevant:1
 |   |- [+] Clusters:
 |   |   |- [+] [  0]
 |   |   |   |- Guid:F80621C9446867154938FE81375207DA BaseClass: NativeClass:/Script/Engine.DirectionalLight Name:DirectionalLight_1 Label:DirectionalLight SpatiallyLoaded:0 Bounds:IsValid=true, Min=(X=-1048576.000 Y=-1048576.000 Z=-1048576.000), Max=(X=1048576.000 Y=1048576.000 Z=1048576.000) RuntimeGrid:None EditorOnly:0 RuntimeOnly:0 HLODRelevant:0 FolderPath:Lighting FolderGuid:0BA5F0A04EADB18E70D5B180D08FA34B
 |   |   |- [+] [  1]
 |   |   |   |- Guid:21262252453B37957EF29F82ABA2413B BaseClass: NativeClass:/Script/Engine.TextRenderActor Name:TextRenderActor_1 Label:TextRenderActor SpatiallyLoaded:1 Bounds:IsValid=true, Min=(X=-0.100 Y=1100.000 Z=65.013), Max=(X=-0.100 Y=2363.461 Z=215.013) RuntimeGrid:None EditorOnly:0 RuntimeOnly:0 HLODRelevant:0
 |   |   |- [+] [  2]
 |   |   |   |- Guid:EE66F4454A4A9F99393F559AB739C05E BaseClass:/Game/FirstPerson/Blueprints/BP_Pickup_Rifle.BP_Pickup_Rifle_C NativeClass:/Script/Engine.Actor Name:BP_Rifle_C_1 Label:BP_Pickup_Rifle SpatiallyLoaded:1 Bounds:IsValid=true, Min=(X=1378.000 Y=818.000 Z=64.000), Max=(X=1442.000 Y=919.041 Z=128.000) RuntimeGrid:None EditorOnly:0 RuntimeOnly:0 HLODRelevant:0
 |   |   |- [+] [  3]
 |   |   |   |- Guid:E5320C1B4FD9764CE7B54D8487AEC613 BaseClass: NativeClass:/Script/Engine.SkyLight Name:SkyLight_0 Label:SkyLight SpatiallyLoaded:0 Bounds:IsValid=true, Min=(X=0.000 Y=0.000 Z=690.000), Max=(X=0.000 Y=0.000 Z=690.000) RuntimeGrid:None EditorOnly:0 RuntimeOnly:0 HLODRelevant:0 FolderPath:Lighting FolderGuid:0BA5F0A04EADB18E70D5B180D08FA34B
 |   |   |- [+] [  4]
 |   |   |   |- Guid:840A9DC54865F24EDC3A8EA7D4E8D6BF BaseClass: NativeClass:/Script/NavigationSystem.NavMeshBoundsVolume Name:NavMeshBoundsVolume_UAID_D8BBC121C404FB7F01_1852341450 Label:NavMeshBoundsVolume SpatiallyLoaded:0 Bounds:IsValid=true, Min=(X=-280.000 Y=170.000 Z=-1530.000), Max=(X=3220.000 Y=3670.000 Z=1970.000) RuntimeGrid:None EditorOnly:0 RuntimeOnly:0 HLODRelevant:0
 |   |   |- [+] [  5]
 |   |   |   |- Guid:A354B1B24E617A525DC6B48CCDE2417E BaseClass: NativeClass:/Script/Engine.PlayerStart Name:PlayerStart_0 Label:PlayerStart SpatiallyLoaded:0 Bounds:IsValid=true, Min=(X=-2080.000 Y=-16320.000 Z=-329.987), Max=(X=-2000.000 Y=-16240.000 Z=-145.987) RuntimeGrid:None EditorOnly:0 RuntimeOnly:0 HLODRelevant:0
 |   |   |- [+] [  6]
 |   |   |   |- Guid:58F9132A4962A96F584974B0702EEA21 BaseClass:/Game/SkySphere/BP_Sky_Sphere_2.BP_Sky_Sphere_2_C NativeClass:/Script/Engine.Actor Name:BP_Sky_Sphere_2_C_UAID_D8BBC121C404F97F01_1474818095 Label:BP_Sky_Sphere_2 SpatiallyLoaded:1 Bounds:IsValid=true, Min=(X=-1636950.000 Y=-1636060.000 Z=-1638330.000), Max=(X=1639850.000 Y=1640740.000 Z=1638470.000) RuntimeGrid:None EditorOnly:0 RuntimeOnly:0 HLODRelevant:0 FolderPath:Lighting FolderGuid:0BA5F0A04EADB18E70D5B180D08FA34B
 |   |   |- [+] [  7]
 |   |   |   |- Guid:C22CE07C4B87D685137FDBBC10FC92C6 BaseClass: NativeClass:/Script/Engine.SkyAtmosphere Name:SkyAtmosphere_0 Label:SkyAtmosphere SpatiallyLoaded:0 Bounds:IsValid=true, Min=(X=0.000 Y=0.000 Z=1020.000), Max=(X=0.000 Y=0.000 Z=1020.000) RuntimeGrid:None EditorOnly:0 RuntimeOnly:0 HLODRelevant:0 FolderPath:Lighting FolderGuid:0BA5F0A04EADB18E70D5B180D08FA34B
 |   |   |- [+] [  8]
 |   |   |   |- Guid:6FEFB3BD4EB37B849EF0D4AC80F83855 BaseClass: NativeClass:/Script/Engine.WorldDataLayers Name:WorldDataLayers Label:WorldDataLayers SpatiallyLoaded:0 Bounds:IsValid=true, Min=(X=0.000 Y=0.000 Z=0.000), Max=(X=0.000 Y=0.000 Z=0.000) RuntimeGrid:None EditorOnly:0 RuntimeOnly:0 HLODRelevant:0
 |   |   |- [+] [  9]
 |   |   |   |- Guid:32AC5A214EC5C3983FBB8CB5923FE6B1 BaseClass: NativeClass:/Script/NavigationSystem.RecastNavMesh Name:RecastNavMesh_UAID_D8BBC121C404FB7F01-Default Label:RecastNavMesh-Default SpatiallyLoaded:0 Bounds:IsValid=true, Min=(X=0.000 Y=0.000 Z=0.000), Max=(X=0.000 Y=0.000 Z=0.000) RuntimeGrid:None EditorOnly:0 RuntimeOnly:0 HLODRelevant:0
 |   |   |- [+] [ 10]
 |   |   |   |- Guid:CE8D82634660FCDB3120E2B8D547C533 BaseClass: NativeClass:/Script/Engine.PostProcessVolume Name:PostProcessVolume_0 Label:PostProcessVolume SpatiallyLoaded:0 Bounds:IsValid=true, Min=(X=0.000 Y=0.000 Z=400.000), Max=(X=200.000 Y=200.000 Z=600.000) RuntimeGrid:None EditorOnly:0 RuntimeOnly:0 HLODRelevant:0 FolderPath:Lighting FolderGuid:0BA5F0A04EADB18E70D5B180D08FA34B
 |   |   |- [+] [ 11]
 |   |   |   |- Guid:4B63E5D245FC470E97EC4D83E7F5B55C BaseClass: NativeClass:/Script/Engine.StaticMeshActor Name:StaticMeshActor_UAID_744CA1D0C396358101_2018107711 Label:Cube3 SpatiallyLoaded:1 Bounds:IsValid=true, Min=(X=1694.020 Y=1173.462 Z=-110.000), Max=(X=5765.980 Y=5326.538 Z=-10.000) RuntimeGrid:None EditorOnly:0 RuntimeOnly:0 HLODRelevant:1
 |   |   |- [+] [ 12]
 |   |   |   |- Guid:7944CEEB46B5B40FEDADA3B7176F4598 BaseClass: NativeClass:/Script/Engine.StaticMeshActor Name:StaticMeshActor_UAID_744CA1D0C396358101_2018112712 Label:Cube4 SpatiallyLoaded:1 Bounds:IsValid=true, Min=(X=-2439.982 Y=1499.902 Z=-530.000), Max=(X=2139.982 Y=6020.098 Z=-30.000) RuntimeGrid:None EditorOnly:0 RuntimeOnly:0 HLODRelevant:1
 |   |   |- [+] [ 13]
 |   |   |   |- Guid:51609B134E296F9091F0E08D1A1F45C7 BaseClass: NativeClass:/Script/Engine.StaticMeshActor Name:StaticMeshActor_UAID_744CA1D0C396358101_2018114713 Label:Cube5 SpatiallyLoaded:1 Bounds:IsValid=true, Min=(X=-5262.368 Y=-1668.675 Z=-2875.000), Max=(X=-297.632 Y=3908.675 Z=3175.000) RuntimeGrid:None EditorOnly:0 RuntimeOnly:0 HLODRelevant:1
 |   |   |- [+] [ 14]
 |   |   |   |- Guid:A8941E964D50A18A659E1AABA5AD8CDB BaseClass: NativeClass:/Script/Engine.StaticMeshActor Name:StaticMeshActor_UAID_744CA1D0C396358101_2018115714 Label:Cube6 SpatiallyLoaded:1 Bounds:IsValid=true, Min=(X=-2667.444 Y=-6342.851 Z=-952.500), Max=(X=2147.444 Y=-1737.149 Z=-27.500) RuntimeGrid:None EditorOnly:0 RuntimeOnly:0 HLODRelevant:1
 |   |   |- [+] [ 15]
 |   |   |   |- Guid:79F964F94AFD61929D60C8BB5EBBB867 BaseClass: NativeClass:/Script/Engine.StaticMeshActor Name:StaticMeshActor_UAID_744CA1D0C396358101_2018116715 Label:Cube7 SpatiallyLoaded:1 Bounds:IsValid=true, Min=(X=1250.018 Y=-5210.098 Z=-5735.000), Max=(X=5829.982 Y=-689.902 Z=5615.000) RuntimeGrid:None EditorOnly:0 RuntimeOnly:0 HLODRelevant:1
 |   |   |- [+] [ 16]
 |   |   |   |- Guid:96A4B19042DA181C522F9F9B95CA3AD3 BaseClass: NativeClass:/Script/Engine.StaticMeshActor Name:StaticMeshActor_UAID_744CA1D0C396358101_2018116716 Label:Cube8 SpatiallyLoaded:1 Bounds:IsValid=true, Min=(X=-4526.024 Y=-4417.184 Z=-1237.320), Max=(X=3326.024 Y=1317.184 Z=457.320) RuntimeGrid:None EditorOnly:0 RuntimeOnly:0 HLODRelevant:1
 |   |   |- [+] [ 17]
 |   |   |   |- Guid:7BC2E19A4BD764B4936AE28D48D80B3A BaseClass: NativeClass:/Script/Engine.StaticMeshActor Name:StaticMeshActor_UAID_744CA1D0C396358101_2018117717 Label:Cube9 SpatiallyLoaded:1 Bounds:IsValid=true, Min=(X=6556.242 Y=-2497.595 Z=-545.000), Max=(X=11563.758 Y=2497.595 Z=105.000) RuntimeGrid:None EditorOnly:0 RuntimeOnly:0 HLODRelevant:1
 |   |   |- [+] [ 18]
 |   |   |   |- Guid:81580A674E42066AC0A4C981F9ED78A9 BaseClass: NativeClass:/Script/Engine.StaticMeshActor Name:StaticMeshActor_UAID_744CA1D0C396358101_2018118718 Label:Cube10 SpatiallyLoaded:1 Bounds:IsValid=true, Min=(X=8206.242 Y=-2497.595 Z=-870.000), Max=(X=13213.758 Y=2497.595 Z=430.000) RuntimeGrid:None EditorOnly:0 RuntimeOnly:0 HLODRelevant:1
 |   |   |- [+] [ 19]
 |   |   |   |- Guid:6BC761A44D18A894B5F01E9719EF15FC BaseClass: NativeClass:/Script/Engine.StaticMeshActor Name:StaticMeshActor_UAID_744CA1D0C396358101_2018119719 Label:Cube11 SpatiallyLoaded:1 Bounds:IsValid=true, Min=(X=7003.681 Y=-6539.166 Z=-1007.500), Max=(X=14416.319 Y=559.166 Z=567.500) RuntimeGrid:None EditorOnly:0 RuntimeOnly:0 HLODRelevant:1
 |   |   |- [+] [ 20]
 |   |   |   |- Guid:F9AD877A4D0450B6D0037C9E7BFF9A9C BaseClass: NativeClass:/Script/Engine.StaticMeshActor Name:StaticMeshActor_UAID_744CA1D0C396358101_2018119720 Label:Cube12 SpatiallyLoaded:1 Bounds:IsValid=true, Min=(X=5025.128 Y=-8203.185 Z=-1007.500), Max=(X=11994.872 Y=-1436.815 Z=567.500) RuntimeGrid:None EditorOnly:0 RuntimeOnly:0 HLODRelevant:1
 |   |   |- [+] [ 21]
 |   |   |   |- Guid:5353E68A48EC04958D978A82150060C5 BaseClass: NativeClass:/Script/Engine.StaticMeshActor Name:StaticMeshActor_UAID_744CA1D0C396358101_2018120721 Label:Cube13 SpatiallyLoaded:1 Bounds:IsValid=true, Min=(X=4896.242 Y=-4847.595 Z=-482.500), Max=(X=9903.758 Y=147.595 Z=42.500) RuntimeGrid:None EditorOnly:0 RuntimeOnly:0 HLODRelevant:1
 |   |   |- [+] [ 22]
 |   |   |   |- Guid:E1BF8D3E408388DA101608A483056763 BaseClass: NativeClass:/Script/Engine.StaticMeshActor Name:StaticMeshActor_UAID_744CA1D0C396358101_2018121722 Label:Cube14 SpatiallyLoaded:1 Bounds:IsValid=true, Min=(X=-711.590 Y=-9304.065 Z=-510.000), Max=(X=7791.590 Y=-3355.935 Z=-310.000) RuntimeGrid:None EditorOnly:0 RuntimeOnly:0 HLODRelevant:1
 |   |   |- [+] [ 23]
 |   |   |   |- Guid:7A6DB005469E543C0172229910E4ABF4 BaseClass: NativeClass:/Script/Engine.StaticMeshActor Name:StaticMeshActor_UAID_744CA1D0C396358101_2018121723 Label:Cube15 SpatiallyLoaded:1 Bounds:IsValid=true, Min=(X=-5996.099 Y=-19758.861 Z=-800.000), Max=(X=9756.099 Y=-4141.139 Z=-400.000) RuntimeGrid:None EditorOnly:0 RuntimeOnly:0 HLODRelevant:1
 |   |   |- [+] [ 24]
 |   |   |   |- Guid:F0AC5A5F42202B4E65A3F785EE05DD4B BaseClass: NativeClass:/Script/Engine.StaticMeshActor Name:StaticMeshActor_UAID_744CA1D0C396358101_2018122724 Label:Cube16 SpatiallyLoaded:1 Bounds:IsValid=true, Min=(X=-2652.969 Y=3813.018 Z=-1601.799), Max=(X=1352.969 Y=9746.982 Z=161.799) RuntimeGrid:None EditorOnly:0 RuntimeOnly:0 HLODRelevant:1
 |   |   |- [+] [ 25]
 |   |   |   |- Guid:022C561E4C7A6D46B523C19AFB14DD4F BaseClass: NativeClass:/Script/Engine.StaticMeshActor Name:StaticMeshActor_UAID_744CA1D0C396358101_2018123725 Label:Cube17 SpatiallyLoaded:1 Bounds:IsValid=true, Min=(X=-3376.681 Y=7462.374 Z=-1708.521), Max=(X=2076.681 Y=13397.626 Z=-751.479) RuntimeGrid:None EditorOnly:0 RuntimeOnly:0 HLODRelevant:1
 |   |   |- [+] [ 26]
 |   |   |   |- Guid:65679C4445B10775BCA8B9BBD9E1E964 BaseClass: NativeClass:/Script/Engine.StaticMeshActor Name:StaticMeshActor_UAID_744CA1D0C396358101_2018124726 Label:Cube18 SpatiallyLoaded:1 Bounds:IsValid=true, Min=(X=-6321.814 Y=2354.522 Z=-2484.986), Max=(X=-2518.186 Y=7945.478 Z=624.986) RuntimeGrid:None EditorOnly:0 RuntimeOnly:0 HLODRelevant:1
 |   |   |- [+] [ 27]
 |   |   |   |- Guid:2560BC4345DC3A199747888E1E8F1E0F BaseClass: NativeClass:/Script/Engine.StaticMeshActor Name:StaticMeshActor_UAID_744CA1D0C396358101_2018124727 Label:Cube19 SpatiallyLoaded:1 Bounds:IsValid=true, Min=(X=-2652.969 Y=3813.018 Z=-1601.799), Max=(X=1352.969 Y=9746.982 Z=161.799) RuntimeGrid:None EditorOnly:0 RuntimeOnly:0 HLODRelevant:1
 |   |   |- [+] [ 28]
 |   |   |   |- Guid:BE62B0D24294C7787D14F6BDE9899B5F BaseClass: NativeClass:/Script/Engine.StaticMeshActor Name:StaticMeshActor_UAID_744CA1D0C396358101_2018125728 Label:Cube20 SpatiallyLoaded:1 Bounds:IsValid=true, Min=(X=1324.252 Y=5189.707 Z=-1455.885), Max=(X=8595.748 Y=11870.293 Z=-564.115) RuntimeGrid:None EditorOnly:0 RuntimeOnly:0 HLODRelevant:1
 |   |   |- [+] [ 29]
 |   |   |   |- Guid:676147474D40E02850C0E5AC15CDD7C7 BaseClass: NativeClass:/Script/Engine.StaticMeshActor Name:StaticMeshActor_UAID_744CA1D0C396358101_2018126729 Label:Cube21 SpatiallyLoaded:1 Bounds:IsValid=true, Min=(X=12209.995 Y=4698.770 Z=-1223.051), Max=(X=22850.005 Y=16081.230 Z=-36.949) RuntimeGrid:None EditorOnly:0 RuntimeOnly:0 HLODRelevant:1
 |   |   |- [+] [ 30]
 |   |   |   |- Guid:0500CE61425C0431BEB9B3A5E588FA61 BaseClass: NativeClass:/Script/Engine.StaticMeshActor Name:StaticMeshActor_UAID_744CA1D0C396358101_2018126730 Label:Cube22 SpatiallyLoaded:1 Bounds:IsValid=true, Min=(X=15789.301 Y=-1846.311 Z=-614.936), Max=(X=23370.699 Y=4926.311 Z=314.936) RuntimeGrid:None EditorOnly:0 RuntimeOnly:0 HLODRelevant:1
 |   |   |- [+] [ 31]
 |   |   |   |- Guid:00761A3E470E19839BE31299623E0512 BaseClass: NativeClass:/Script/Engine.StaticMeshActor Name:StaticMeshActor_UAID_744CA1D0C396358101_2018127731 Label:Cube23 SpatiallyLoaded:1 Bounds:IsValid=true, Min=(X=6852.866 Y=2281.046 Z=-460.201), Max=(X=11827.134 Y=6558.954 Z=1020.201) RuntimeGrid:None EditorOnly:0 RuntimeOnly:0 HLODRelevant:1
 |   |   |- [+] [ 32]
 |   |   |   |- Guid:6992FA9F44493DF96A3365A3D8A4AEE9 BaseClass: NativeClass:/Script/Engine.StaticMeshActor Name:StaticMeshActor_UAID_744CA1D0C396358101_2018128732 Label:Cube24 SpatiallyLoaded:1 Bounds:IsValid=true, Min=(X=9832.602 Y=3471.046 Z=-648.364), Max=(X=14867.398 Y=7748.954 Z=1608.364) RuntimeGrid:None EditorOnly:0 RuntimeOnly:0 HLODRelevant:1
 |   |   |- [+] [ 33]
 |   |   |   |- Guid:60B6C10746395ACF63081C920586F9D5 BaseClass: NativeClass:/Script/Engine.StaticMeshActor Name:StaticMeshActor_UAID_744CA1D0C396358101_2018129733 Label:Cube25 SpatiallyLoaded:1 Bounds:IsValid=true, Min=(X=-8925.807 Y=-8196.467 Z=-1882.054), Max=(X=-2394.193 Y=196.467 Z=-477.946) RuntimeGrid:None EditorOnly:0 RuntimeOnly:0 HLODRelevant:1
 |   |   |- [+] [ 34]
 |   |   |   |- Guid:7F2AF5D74CFE959CA95156BC7B3F8A2A BaseClass: NativeClass:/Script/Engine.StaticMeshActor Name:StaticMeshActor_UAID_744CA1D0C396358101_2018129734 Label:Cube26 SpatiallyLoaded:1 Bounds:IsValid=true, Min=(X=-5941.227 Y=985.127 Z=-484.506), Max=(X=-4791.227 Y=2443.810 Z=107.552) RuntimeGrid:None EditorOnly:0 RuntimeOnly:0 HLODRelevant:1
 |   |   |- [+] [ 35]
 |   |   |   |- Guid:1B04A4F9416FA7C26EFBEBA0DCA09552 BaseClass: NativeClass:/Script/Engine.StaticMeshActor Name:StaticMeshActor_UAID_744CA1D0C396358101_2018130735 Label:Cube27 SpatiallyLoaded:1 Bounds:IsValid=true, Min=(X=1041.152 Y=-6250.911 Z=-1870.000), Max=(X=5238.848 Y=-1829.089 Z=1330.000) RuntimeGrid:None EditorOnly:0 RuntimeOnly:0 HLODRelevant:1
 |   |   |- [+] [ 36]
 |   |   |   |- Guid:1579DDE14A3238D593D8648886CC4D5B BaseClass: NativeClass:/Script/Engine.StaticMeshActor Name:StaticMeshActor_UAID_744CA1D0C396358101_2018131736 Label:Cube28 SpatiallyLoaded:1 Bounds:IsValid=true, Min=(X=828.171 Y=-4141.713 Z=1540.000), Max=(X=1951.829 Y=-2958.287 Z=2340.000) RuntimeGrid:None EditorOnly:0 RuntimeOnly:0 HLODRelevant:1
 |   |   |- [+] [ 37]
 |   |   |   |- Guid:D872D2C344170A1ACABED886C3EBB11E BaseClass: NativeClass:/Script/Engine.StaticMeshActor Name:StaticMeshActor_UAID_744CA1D0C396358101_2018131737 Label:Cube29 SpatiallyLoaded:1 Bounds:IsValid=true, Min=(X=609.159 Y=-4218.079 Z=1545.000), Max=(X=1230.841 Y=-3461.921 Z=1795.000) RuntimeGrid:None EditorOnly:0 RuntimeOnly:0 HLODRelevant:1
 |   |   |- [+] [ 38]
 |   |   |   |- Guid:94BD19C344949E24697F65A44B43E1BF BaseClass: NativeClass:/Script/Engine.StaticMeshActor Name:StaticMeshActor_UAID_744CA1D0C396358101_2018132738 Label:Cube30 SpatiallyLoaded:1 Bounds:IsValid=true, Min=(X=667.942 Y=-3394.820 Z=1815.000), Max=(X=1392.058 Y=-2805.180 Z=2065.000) RuntimeGrid:None EditorOnly:0 RuntimeOnly:0 HLODRelevant:1
 |   |   |- [+] [ 39]
 |   |   |   |- Guid:E0D0AA394D89A926C0E8EE979AF91D20 BaseClass: NativeClass:/Script/Engine.StaticMeshActor Name:StaticMeshActor_UAID_744CA1D0C396358101_2018133739 Label:Cube31 SpatiallyLoaded:1 Bounds:IsValid=true, Min=(X=1368.503 Y=-2442.382 Z=1793.066), Max=(X=2631.497 Y=-957.618 Z=3226.934) RuntimeGrid:None EditorOnly:0 RuntimeOnly:0 HLODRelevant:1
 |   |   |- [+] [ 40]
 |   |   |   |- Guid:915E06A64A1B4607F2ECBB90A812FDC3 BaseClass: NativeClass:/Script/Engine.StaticMeshActor Name:StaticMeshActor_UAID_744CA1D0C396358101_2018133740 Label:Cube32 SpatiallyLoaded:1 Bounds:IsValid=true, Min=(X=1796.979 Y=-1482.087 Z=3099.963), Max=(X=2563.021 Y=-697.913 Z=3620.037) RuntimeGrid:None EditorOnly:0 RuntimeOnly:0 HLODRelevant:1
 |   |   |- [+] [ 41]
 |   |   |   |- Guid:BFCEC7A54B73340CD1A045B744B91388 BaseClass: NativeClass:/Script/Engine.StaticMeshActor Name:StaticMeshActor_UAID_744CA1D0C396358101_2018134741 Label:Cube33 SpatiallyLoaded:1 Bounds:IsValid=true, Min=(X=-2174.215 Y=-2297.048 Z=2526.299), Max=(X=-65.785 Y=-302.952 Z=3153.701) RuntimeGrid:None EditorOnly:0 RuntimeOnly:0 HLODRelevant:1
 |   |   |- [+] [ 42]
 |   |   |   |- Guid:05A537264820329C7349DB92D5394C84 BaseClass: NativeClass:/Script/Engine.StaticMeshActor Name:StaticMeshActor_UAID_744CA1D0C396358101_2018135742 Label:Cube34 SpatiallyLoaded:1 Bounds:IsValid=true, Min=(X=-4236.998 Y=386.695 Z=985.000), Max=(X=-1323.002 Y=3913.305 Z=5435.000) RuntimeGrid:None EditorOnly:0 RuntimeOnly:0 HLODRelevant:1
 |   |   |- [+] [ 43]
 |   |   |   |- Guid:913D07D34A9E5622D74F3BA4222D1D97 BaseClass: NativeClass:/Script/Engine.StaticMeshActor Name:StaticMeshActor_UAID_744CA1D0C396358101_2018135743 Label:Cube35 SpatiallyLoaded:1 Bounds:IsValid=true, Min=(X=4076.248 Y=-6068.171 Z=166.154), Max=(X=5423.752 Y=-4431.829 Z=1313.846) RuntimeGrid:None EditorOnly:0 RuntimeOnly:0 HLODRelevant:1
 |   |   |- [+] [ 44]
 |   |   |   |- Guid:AA2A3874400679E467EDB1A9E13C10EE BaseClass: NativeClass:/Script/Engine.StaticMeshActor Name:StaticMeshActor_UAID_744CA1D0C396358101_2018136744 Label:Cube36 SpatiallyLoaded:1 Bounds:IsValid=true, Min=(X=-1983.347 Y=-2563.155 Z=5121.669), Max=(X=2603.347 Y=-36.845 Z=5438.331) RuntimeGrid:None EditorOnly:0 RuntimeOnly:0 HLODRelevant:1
 |   |   |- [+] [ 45]
 |   |   |   |- Guid:43F0BB0A4D86D452EF1ABDAB879C3588 BaseClass: NativeClass:/Script/Engine.StaticMeshActor Name:StaticMeshActor_UAID_744CA1D0C396358101_2018137745 Label:Cube37 SpatiallyLoaded:1 Bounds:IsValid=true, Min=(X=5877.959 Y=-4708.953 Z=5228.066), Max=(X=9847.067 Y=-2400.259 Z=6698.946) RuntimeGrid:None EditorOnly:0 RuntimeOnly:0 HLODRelevant:1
 |   |   |- [+] [ 46]
 |   |   |   |- Guid:07A7DEF94A80FD5BE6C9928AECD7FF00 BaseClass: NativeClass:/Script/Engine.StaticMeshActor Name:StaticMeshActor_UAID_744CA1D0C396358101_2018138746 Label:Cube38 SpatiallyLoaded:1 Bounds:IsValid=true, Min=(X=7667.497 Y=-7115.186 Z=5348.834), Max=(X=11672.503 Y=-4784.814 Z=6871.166) RuntimeGrid:None EditorOnly:0 RuntimeOnly:0 HLODRelevant:1
 |   |   |- [+] [ 47]
 |   |   |   |- Guid:04BFAB3B4D182E9FDA07BFAC4231EF67 BaseClass: NativeClass:/Script/Engine.StaticMeshActor Name:StaticMeshActor_UAID_744CA1D0C396358101_2018138747 Label:Cube39 SpatiallyLoaded:1 Bounds:IsValid=true, Min=(X=10809.890 Y=-10980.929 Z=4510.168), Max=(X=18770.110 Y=-3359.071 Z=5169.832) RuntimeGrid:None EditorOnly:0 RuntimeOnly:0 HLODRelevant:1
 |   |   |- [+] [ 48]
 |   |   |   |- Guid:525F8C9D4D2C1E7BC554DCB398FB9BBC BaseClass: NativeClass:/Script/Engine.StaticMeshActor Name:StaticMeshActor_UAID_744CA1D0C396358101_2018139748 Label:Cube40 SpatiallyLoaded:1 Bounds:IsValid=true, Min=(X=17825.398 Y=-10525.401 Z=1945.994), Max=(X=26214.602 Y=-2474.599 Z=3914.006) RuntimeGrid:None EditorOnly:0 RuntimeOnly:0 HLODRelevant:1
 |   |   |- [+] [ 49]
 |   |   |   |- Guid:054F68C34A048014E4A5B19E5A2E18B8 BaseClass: NativeClass:/Script/Engine.StaticMeshActor Name:StaticMeshActor_UAID_744CA1D0C396358101_2018140749 Label:Cube41 SpatiallyLoaded:1 Bounds:IsValid=true, Min=(X=10992.136 Y=-5268.754 Z=-4877.237), Max=(X=16227.864 Y=-1531.246 Z=6017.237) RuntimeGrid:None EditorOnly:0 RuntimeOnly:0 HLODRelevant:1
 |   |   |- [+] [ 50]
 |   |   |   |- Guid:8A16903B4868FA053CCF74A0BF4FD068 BaseClass: NativeClass:/Script/Engine.StaticMeshActor Name:StaticMeshActor_UAID_744CA1D0C396358101_2018140750 Label:Cube42 SpatiallyLoaded:1 Bounds:IsValid=true, Min=(X=10805.021 Y=-2688.700 Z=-898.924), Max=(X=15914.979 Y=3608.700 Z=478.924) RuntimeGrid:None EditorOnly:0 RuntimeOnly:0 HLODRelevant:1
 |   |   |- [+] [ 51]
 |   |   |   |- Guid:D6DBB22947FE75F1E58B1C95B1C0744D BaseClass: NativeClass:/Script/Engine.StaticMeshActor Name:StaticMeshActor_UAID_744CA1D0C396358101_2018141751 Label:Cube43 SpatiallyLoaded:1 Bounds:IsValid=true, Min=(X=5023.426 Y=13039.348 Z=-6844.018), Max=(X=12716.574 Y=17980.652 Z=7924.018) RuntimeGrid:None EditorOnly:0 RuntimeOnly:0 HLODRelevant:1
 |   |   |- [+] [ 52]
 |   |   |   |- Guid:8064908C458B23157C632889DE33B311 BaseClass: NativeClass:/Script/Engine.StaticMeshActor Name:StaticMeshActor_UAID_744CA1D0C396358101_2018142752 Label:Cube44 SpatiallyLoaded:1 Bounds:IsValid=true, Min=(X=14777.864 Y=19306.604 Z=-5961.424), Max=(X=19602.136 Y=22513.396 Z=7041.424) RuntimeGrid:None EditorOnly:0 RuntimeOnly:0 HLODRelevant:1
 |   |   |- [+] [ 53]
 |   |   |   |- Guid:922863F944CA7E3F016E78B567CDA06E BaseClass: NativeClass:/Script/Engine.StaticMeshActor Name:StaticMeshActor_UAID_744CA1D0C396358101_2018143753 Label:Cube45 SpatiallyLoaded:1 Bounds:IsValid=true, Min=(X=17049.229 Y=13980.399 Z=-1817.640), Max=(X=27990.771 Y=23399.601 Z=-822.360) RuntimeGrid:None EditorOnly:0 RuntimeOnly:0 HLODRelevant:1
 |   |   |- [+] [ 54]
 |   |   |   |- Guid:D663693B49CBDA820542A18921459ABD BaseClass: NativeClass:/Script/Engine.StaticMeshActor Name:StaticMeshActor_UAID_744CA1D0C396358101_2018143754 Label:Cube46 SpatiallyLoaded:1 Bounds:IsValid=true, Min=(X=14449.675 Y=20756.160 Z=-1138.521), Max=(X=22110.325 Y=28583.840 Z=-181.479) RuntimeGrid:None EditorOnly:0 RuntimeOnly:0 HLODRelevant:1
 |   |   |- [+] [ 55]
 |   |   |   |- Guid:70E79DAD4FD0A153663144BA0C89371D BaseClass: NativeClass:/Script/Engine.StaticMeshActor Name:StaticMeshActor_UAID_744CA1D0C396358101_2018144755 Label:Cube47 SpatiallyLoaded:1 Bounds:IsValid=true, Min=(X=8051.990 Y=28320.278 Z=-5313.853), Max=(X=14808.010 Y=32979.722 Z=6393.853) RuntimeGrid:None EditorOnly:0 RuntimeOnly:0 HLODRelevant:1
 |   |   |- [+] [ 56]
 |   |   |   |- Guid:E96BA91E441BB6F178B9FFA822ECF834 BaseClass: NativeClass:/Script/Engine.StaticMeshActor Name:StaticMeshActor_UAID_744CA1D0C396358101_2018145756 Label:Cube48 SpatiallyLoaded:1 Bounds:IsValid=true, Min=(X=5651.727 Y=19131.338 Z=-1886.113), Max=(X=17508.273 Y=30208.662 Z=-673.887) RuntimeGrid:None EditorOnly:0 RuntimeOnly:0 HLODRelevant:1
 |   |   |- [+] [ 57]
 |   |   |   |- Guid:490E96574F42DD2C3A08269897AF3A4B BaseClass: NativeClass:/Script/Engine.StaticMeshActor Name:StaticMeshActor_UAID_744CA1D0C396358101_2018145757 Label:Cube49 SpatiallyLoaded:1 Bounds:IsValid=true, Min=(X=-3964.529 Y=14012.513 Z=-4947.895), Max=(X=-3115.471 Y=27027.487 Z=6027.895) RuntimeGrid:None EditorOnly:0 RuntimeOnly:0 HLODRelevant:1
 |   |   |- [+] [ 58]
 |   |   |   |- Guid:353FFDC5426BBEAEBB80C4AAE9A2E4D3 BaseClass: NativeClass:/Script/Engine.StaticMeshActor Name:StaticMeshActor_UAID_744CA1D0C396358101_2018146758 Label:Cube50 SpatiallyLoaded:1 Bounds:IsValid=true, Min=(X=74.089 Y=17970.170 Z=-4314.522), Max=(X=1685.911 Y=28309.830 Z=4694.522) RuntimeGrid:None EditorOnly:0 RuntimeOnly:0 HLODRelevant:1
 |   |   |- [+] [ 59]
 |   |   |   |- Guid:1D2BC34F468FAD4605A9D9BAEEDFFD96 BaseClass: NativeClass:/Script/Engine.StaticMeshActor Name:StaticMeshActor_UAID_744CA1D0C396358101_2018147759 Label:Cube51 SpatiallyLoaded:1 Bounds:IsValid=true, Min=(X=-5321.519 Y=27770.730 Z=-6966.339), Max=(X=3801.519 Y=37109.270 Z=5166.339) RuntimeGrid:None EditorOnly:0 RuntimeOnly:0 HLODRelevant:1
 |   |   |- [+] [ 60]
 |   |   |   |- Guid:979E40614B8F0FEEE2F7C18CFDD72DE4 BaseClass: NativeClass:/Script/Engine.StaticMeshActor Name:StaticMeshActor_UAID_744CA1D0C396358101_2018147760 Label:Cube52 SpatiallyLoaded:1 Bounds:IsValid=true, Min=(X=4729.923 Y=30517.263 Z=-3648.269), Max=(X=10890.077 Y=34062.737 Z=4728.269) RuntimeGrid:None EditorOnly:0 RuntimeOnly:0 HLODRelevant:1
 |   |   |- [+] [ 61]
 |   |   |   |- Guid:A4FEFCC14B005BA96B4CC298E4179329 BaseClass: NativeClass:/Script/Engine.StaticMeshActor Name:StaticMeshActor_UAID_744CA1D0C396358101_2018148761 Label:Cube53 SpatiallyLoaded:1 Bounds:IsValid=true, Min=(X=332.052 Y=26560.254 Z=-1479.347), Max=(X=5727.948 Y=33019.746 Z=-1080.653) RuntimeGrid:None EditorOnly:0 RuntimeOnly:0 HLODRelevant:1
 |   |   |- [+] [ 62]
 |   |   |   |- Guid:F751CC1F4009D1466194FDB5480D344A BaseClass:/Game/Blueprint/Bp_spawnpoint.Bp_spawnpoint_C NativeClass:/Script/Engine.Actor Name:Bp_spawnpoint_C_UAID_744CA1D0C396368101_1106046938 Label:Bp_spawnpoint SpatiallyLoaded:1 Bounds:IsValid=true, Min=(X=-2037.923 Y=-16377.923 Z=-400.000), Max=(X=-1922.077 Y=-16262.077 Z=-400.000) RuntimeGrid:None EditorOnly:0 RuntimeOnly:0 HLODRelevant:0
 |   |   |- [+] [ 63]
 |   |   |   |- Guid:99D269354921A15FE3688E9FC91C6064 BaseClass:/Game/Blueprint/Bp_respawntrigger.Bp_respawntrigger_C NativeClass:/Script/Engine.Actor Name:Bp_respawntrigger_C_UAID_744CA1D0C396368101_1124687939 Label:Bp_respawntrigger SpatiallyLoaded:1 Bounds:IsValid=true, Min=(X=-318180.000 Y=-307650.000 Z=-9492.000), Max=(X=321820.000 Y=332350.000 Z=-9428.000) RuntimeGrid:None EditorOnly:0 RuntimeOnly:0 HLODRelevant:0
 |- ContainerInstances:
 |- [+] MainContainer:
 |   |-        ID: 0x0000000000000000
 |   |-    Bounds: IsValid=false, Min=(X=0.000 Y=0.000 Z=0.000), Max=(X=0.000 Y=0.000 Z=0.000)
 |   |- Transform: 0.000000,0.000000,0.000000|0.000000,0.000000,-0.000000|1.000000,1.000000,1.000000
 |   |- Container: /Game/FirstPerson/Maps/FirstPersonMap
----------------------------------------------------------------------------------------------------------------
FirstPersonMap - Persistent Level
----------------------------------------------------------------------------------------------------------------
Always loaded Actor Count: 121 

----------------------------------------------------------------------------------------------------------------
FirstPersonMap - Runtime Spatial Hash - Streaming Grid - MainGrid
----------------------------------------------------------------------------------------------------------------
            Origin: X=0.000 Y=0.000 Z=0.000
         Cell Size: 12800
      World Bounds: IsValid=false, Min=(X=0.000 Y=0.000 Z=0.000), Max=(X=0.000 Y=0.000 Z=0.000)
     Loading Range: 25600.00
Block Slow Loading: No
 ClientOnlyVisible: No

[+] Grid Levels: 1
 |- Level  0: Cell Count    0 | Cell Size   12800 | Actor Count    0 (0.0%)

[+] Content of Grid Level 0

